0 verbose cli /usr/local/Cellar/node/25.2.1/bin/node /usr/local/lib/node_modules/npm/bin/npm-cli.js
1 info using npm@11.6.2
2 info using node@v25.2.1
3 silly config load:file:/usr/local/lib/node_modules/npm/npmrc
4 silly config load:file:/Users/admin/.npmrc
5 silly config load:file:/usr/local/etc/npmrc
6 verbose title npm exec @modelcontextprotocol/server-memory
7 verbose argv "exec" "--yes" "--" "@modelcontextprotocol/server-memory"
8 verbose logfile logs-max:10 dir:/Users/admin/Documents/trae_projects/search_market_intelligence/.npm-cache/_logs/2025-12-10T03_27_56_299Z-
9 verbose logfile /Users/admin/Documents/trae_projects/search_market_intelligence/.npm-cache/_logs/2025-12-10T03_27_56_299Z-debug-0.log
10 silly logfile done cleaning log files
11 silly packumentCache heap:4496293888 maxSize:1124073472 maxEntrySize:562036736
12 http fetch GET 200 https://mirrors.tencent.com/npm/@modelcontextprotocol%2fserver-memory 368ms (cache miss)
13 silly packumentCache heap:4496293888 maxSize:1124073472 maxEntrySize:562036736
14 silly packumentCache heap:4496293888 maxSize:1124073472 maxEntrySize:562036736
15 silly idealTree buildDeps
16 silly fetch manifest @modelcontextprotocol/server-memory@2025.11.25
17 silly packumentCache full:https://mirrors.tencent.com/npm/@modelcontextprotocol%2fserver-memory cache-miss
18 http fetch GET 200 https://mirrors.tencent.com/npm/@modelcontextprotocol%2fserver-memory 270ms (cache miss)
19 silly packumentCache full:https://mirrors.tencent.com/npm/@modelcontextprotocol%2fserver-memory set size:undefined disposed:false
20 silly placeDep ROOT @modelcontextprotocol/server-memory@2025.11.25 OK for:  want: 2025.11.25
21 silly fetch manifest @modelcontextprotocol/sdk@^1.19.1
22 silly packumentCache full:https://mirrors.tencent.com/npm/@modelcontextprotocol%2fsdk cache-miss
23 http cache https://mirrors.tencent.com/npm/@modelcontextprotocol%2fsdk 8ms (cache hit)
24 silly packumentCache full:https://mirrors.tencent.com/npm/@modelcontextprotocol%2fsdk set size:339257 disposed:false
25 silly fetch manifest @cfworker/json-schema@^4.1.1
26 silly packumentCache full:https://mirrors.tencent.com/npm/@cfworker%2fjson-schema cache-miss
27 http cache https://mirrors.tencent.com/npm/@cfworker%2fjson-schema 4ms (cache hit)
28 silly packumentCache full:https://mirrors.tencent.com/npm/@cfworker%2fjson-schema set size:183783 disposed:false
29 silly placeDep ROOT @modelcontextprotocol/sdk@1.24.3 OK for: @modelcontextprotocol/server-memory@2025.11.25 want: ^1.19.1
30 silly fetch manifest ajv@^8.17.1
31 silly packumentCache full:https://mirrors.tencent.com/npm/ajv cache-miss
32 silly fetch manifest ajv-formats@^3.0.1
33 silly packumentCache full:https://mirrors.tencent.com/npm/ajv-formats cache-miss
34 silly fetch manifest content-type@^1.0.5
35 silly packumentCache full:https://mirrors.tencent.com/npm/content-type cache-miss
36 silly fetch manifest cors@^2.8.5
37 silly packumentCache full:https://mirrors.tencent.com/npm/cors cache-miss
38 silly fetch manifest cross-spawn@^7.0.5
39 silly packumentCache full:https://mirrors.tencent.com/npm/cross-spawn cache-miss
40 silly fetch manifest eventsource@^3.0.2
41 silly packumentCache full:https://mirrors.tencent.com/npm/eventsource cache-miss
42 silly fetch manifest eventsource-parser@^3.0.0
43 silly packumentCache full:https://mirrors.tencent.com/npm/eventsource-parser cache-miss
44 silly fetch manifest express@^5.0.1
45 silly packumentCache full:https://mirrors.tencent.com/npm/express cache-miss
46 silly fetch manifest express-rate-limit@^7.5.0
47 silly packumentCache full:https://mirrors.tencent.com/npm/express-rate-limit cache-miss
48 silly fetch manifest jose@^6.1.1
49 silly packumentCache full:https://mirrors.tencent.com/npm/jose cache-miss
50 silly fetch manifest pkce-challenge@^5.0.0
51 silly packumentCache full:https://mirrors.tencent.com/npm/pkce-challenge cache-miss
52 silly fetch manifest raw-body@^3.0.0
53 silly packumentCache full:https://mirrors.tencent.com/npm/raw-body cache-miss
54 silly fetch manifest zod@^3.25 || ^4.0
55 silly packumentCache full:https://mirrors.tencent.com/npm/zod cache-miss
56 silly fetch manifest zod-to-json-schema@^3.25.0
57 silly packumentCache full:https://mirrors.tencent.com/npm/zod-to-json-schema cache-miss
58 http cache https://mirrors.tencent.com/npm/ajv-formats 26ms (cache hit)
59 silly packumentCache full:https://mirrors.tencent.com/npm/ajv-formats set size:150972 disposed:false
60 http cache https://mirrors.tencent.com/npm/cors 26ms (cache hit)
61 silly packumentCache full:https://mirrors.tencent.com/npm/cors set size:93732 disposed:false
62 http cache https://mirrors.tencent.com/npm/content-type 29ms (cache hit)
63 silly packumentCache full:https://mirrors.tencent.com/npm/content-type set size:21323 disposed:false
64 http cache https://mirrors.tencent.com/npm/eventsource-parser 29ms (cache hit)
65 silly packumentCache full:https://mirrors.tencent.com/npm/eventsource-parser set size:89606 disposed:false
66 http cache https://mirrors.tencent.com/npm/eventsource 31ms (cache hit)
67 silly packumentCache full:https://mirrors.tencent.com/npm/eventsource set size:177396 disposed:false
68 http cache https://mirrors.tencent.com/npm/express 37ms (cache hit)
69 silly packumentCache full:https://mirrors.tencent.com/npm/express set size:1112270 disposed:false
70 http cache https://mirrors.tencent.com/npm/express-rate-limit 49ms (cache hit)
71 silly packumentCache full:https://mirrors.tencent.com/npm/express-rate-limit set size:531660 disposed:false
72 http cache https://mirrors.tencent.com/npm/ajv 64ms (cache hit)
73 silly packumentCache full:https://mirrors.tencent.com/npm/ajv set size:1503371 disposed:false
74 http cache https://mirrors.tencent.com/npm/cross-spawn 75ms (cache hit)
75 silly packumentCache full:https://mirrors.tencent.com/npm/cross-spawn set size:153158 disposed:false
76 http cache https://mirrors.tencent.com/npm/raw-body 74ms (cache hit)
77 silly packumentCache full:https://mirrors.tencent.com/npm/raw-body set size:154662 disposed:false
78 http cache https://mirrors.tencent.com/npm/pkce-challenge 78ms (cache hit)
79 silly packumentCache full:https://mirrors.tencent.com/npm/pkce-challenge set size:43258 disposed:false
80 http cache https://mirrors.tencent.com/npm/zod-to-json-schema 78ms (cache hit)
81 silly packumentCache full:https://mirrors.tencent.com/npm/zod-to-json-schema set size:388645 disposed:false
82 http cache https://mirrors.tencent.com/npm/jose 89ms (cache hit)
83 silly packumentCache full:https://mirrors.tencent.com/npm/jose set size:1881286 disposed:false
84 http cache https://mirrors.tencent.com/npm/zod 117ms (cache hit)
85 silly packumentCache full:https://mirrors.tencent.com/npm/zod set size:4480695 disposed:false
86 silly placeDep ROOT ajv@8.17.1 OK for: @modelcontextprotocol/sdk@1.24.3 want: ^8.17.1
87 silly placeDep ROOT ajv-formats@3.0.1 OK for: @modelcontextprotocol/sdk@1.24.3 want: ^3.0.1
88 silly placeDep ROOT content-type@1.0.5 OK for: @modelcontextprotocol/sdk@1.24.3 want: ^1.0.5
89 silly placeDep ROOT cors@2.8.5 OK for: @modelcontextprotocol/sdk@1.24.3 want: ^2.8.5
90 silly placeDep ROOT cross-spawn@7.0.6 OK for: @modelcontextprotocol/sdk@1.24.3 want: ^7.0.5
91 silly placeDep ROOT eventsource@3.0.7 OK for: @modelcontextprotocol/sdk@1.24.3 want: ^3.0.2
92 silly placeDep ROOT eventsource-parser@3.0.6 OK for: @modelcontextprotocol/sdk@1.24.3 want: ^3.0.0
93 silly placeDep ROOT express@5.2.1 OK for: @modelcontextprotocol/sdk@1.24.3 want: ^5.0.1
94 silly placeDep ROOT express-rate-limit@7.5.1 OK for: @modelcontextprotocol/sdk@1.24.3 want: ^7.5.0
95 silly placeDep ROOT jose@6.1.3 OK for: @modelcontextprotocol/sdk@1.24.3 want: ^6.1.1
96 silly placeDep ROOT pkce-challenge@5.0.1 OK for: @modelcontextprotocol/sdk@1.24.3 want: ^5.0.0
97 silly placeDep ROOT raw-body@3.0.2 OK for: @modelcontextprotocol/sdk@1.24.3 want: ^3.0.0
98 silly placeDep ROOT zod@4.1.13 OK for: @modelcontextprotocol/sdk@1.24.3 want: ^3.25 || ^4.0
99 silly placeDep ROOT zod-to-json-schema@3.25.0 OK for: @modelcontextprotocol/sdk@1.24.3 want: ^3.25.0
100 silly fetch manifest fast-uri@^3.0.1
101 silly packumentCache full:https://mirrors.tencent.com/npm/fast-uri cache-miss
102 silly fetch manifest fast-deep-equal@^3.1.3
103 silly packumentCache full:https://mirrors.tencent.com/npm/fast-deep-equal cache-miss
104 silly fetch manifest require-from-string@^2.0.2
105 silly packumentCache full:https://mirrors.tencent.com/npm/require-from-string cache-miss
106 silly fetch manifest json-schema-traverse@^1.0.0
107 silly packumentCache full:https://mirrors.tencent.com/npm/json-schema-traverse cache-miss
108 silly fetch manifest vary@^1
109 silly packumentCache full:https://mirrors.tencent.com/npm/vary cache-miss
110 silly fetch manifest object-assign@^4
111 silly packumentCache full:https://mirrors.tencent.com/npm/object-assign cache-miss
112 silly fetch manifest which@^2.0.1
113 silly packumentCache full:https://mirrors.tencent.com/npm/which cache-miss
114 silly fetch manifest path-key@^3.1.0
115 silly packumentCache full:https://mirrors.tencent.com/npm/path-key cache-miss
116 silly fetch manifest shebang-command@^2.0.0
117 silly packumentCache full:https://mirrors.tencent.com/npm/shebang-command cache-miss
118 silly fetch manifest eventsource-parser@^3.0.1
119 silly packumentCache full:https://mirrors.tencent.com/npm/eventsource-parser cache-hit
120 silly fetch manifest qs@^6.14.0
121 silly packumentCache full:https://mirrors.tencent.com/npm/qs cache-miss
122 silly fetch manifest depd@^2.0.0
123 silly packumentCache full:https://mirrors.tencent.com/npm/depd cache-miss
124 silly fetch manifest etag@^1.8.1
125 silly packumentCache full:https://mirrors.tencent.com/npm/etag cache-miss
126 silly fetch manifest once@^1.4.0
127 silly packumentCache full:https://mirrors.tencent.com/npm/once cache-miss
128 silly fetch manifest send@^1.1.0
129 silly packumentCache full:https://mirrors.tencent.com/npm/send cache-miss
130 silly fetch manifest vary@^1.1.2
131 silly packumentCache full:https://mirrors.tencent.com/npm/vary cache-miss
132 http cache https://mirrors.tencent.com/npm/fast-deep-equal 20ms (cache hit)
133 silly packumentCache full:https://mirrors.tencent.com/npm/fast-deep-equal set size:52476 disposed:false
134 silly fetch manifest debug@^4.4.0
135 silly packumentCache full:https://mirrors.tencent.com/npm/debug cache-miss
136 http cache https://mirrors.tencent.com/npm/object-assign 21ms (cache hit)
137 silly packumentCache full:https://mirrors.tencent.com/npm/object-assign set size:38946 disposed:false
138 silly fetch manifest fresh@^2.0.0
139 silly packumentCache full:https://mirrors.tencent.com/npm/fresh cache-miss
140 http cache https://mirrors.tencent.com/npm/json-schema-traverse 23ms (cache hit)
141 silly packumentCache full:https://mirrors.tencent.com/npm/json-schema-traverse set size:29513 disposed:false
142 silly fetch manifest cookie@^0.7.1
143 silly packumentCache full:https://mirrors.tencent.com/npm/cookie cache-miss
144 http cache https://mirrors.tencent.com/npm/require-from-string 25ms (cache hit)
145 silly packumentCache full:https://mirrors.tencent.com/npm/require-from-string set size:19948 disposed:false
146 silly fetch manifest router@^2.2.0
147 silly packumentCache full:https://mirrors.tencent.com/npm/router cache-miss
148 http cache https://mirrors.tencent.com/npm/fast-uri 27ms (cache hit)
149 silly packumentCache full:https://mirrors.tencent.com/npm/fast-uri set size:78314 disposed:false
150 silly fetch manifest accepts@^2.0.0
151 silly packumentCache full:https://mirrors.tencent.com/npm/accepts cache-miss
152 http cache https://mirrors.tencent.com/npm/vary 22ms (cache hit)
153 silly packumentCache full:https://mirrors.tencent.com/npm/vary set size:20419 disposed:false
154 silly fetch manifest type-is@^2.0.1
155 silly packumentCache full:https://mirrors.tencent.com/npm/type-is cache-miss
156 http cache https://mirrors.tencent.com/npm/which 28ms (cache hit)
157 silly packumentCache full:https://mirrors.tencent.com/npm/which set size:88217 disposed:false
158 silly fetch manifest parseurl@^1.3.3
159 silly packumentCache full:https://mirrors.tencent.com/npm/parseurl cache-miss
160 http cache https://mirrors.tencent.com/npm/path-key 30ms (cache hit)
161 silly packumentCache full:https://mirrors.tencent.com/npm/path-key set size:21371 disposed:false
162 silly fetch manifest statuses@^2.0.1
163 silly packumentCache full:https://mirrors.tencent.com/npm/statuses cache-miss
164 http cache https://mirrors.tencent.com/npm/depd 31ms (cache hit)
165 silly packumentCache full:https://mirrors.tencent.com/npm/depd set size:50108 disposed:false
166 silly fetch manifest encodeurl@^2.0.0
167 silly packumentCache full:https://mirrors.tencent.com/npm/encodeurl cache-miss
168 http cache https://mirrors.tencent.com/npm/qs 34ms (cache hit)
169 silly packumentCache full:https://mirrors.tencent.com/npm/qs set size:348608 disposed:false
170 silly fetch manifest mime-types@^3.0.0
171 silly packumentCache full:https://mirrors.tencent.com/npm/mime-types cache-miss
172 http cache https://mirrors.tencent.com/npm/vary 41ms (cache hit)
173 silly packumentCache full:https://mirrors.tencent.com/npm/vary set size:20419 disposed:false
174 silly packumentCache full:https://mirrors.tencent.com/npm/vary dispose
175 silly fetch manifest proxy-addr@^2.0.7
176 silly packumentCache full:https://mirrors.tencent.com/npm/proxy-addr cache-miss
177 http cache https://mirrors.tencent.com/npm/shebang-command 42ms (cache hit)
178 silly packumentCache full:https://mirrors.tencent.com/npm/shebang-command set size:10840 disposed:false
179 silly fetch manifest body-parser@^2.2.1
180 silly packumentCache full:https://mirrors.tencent.com/npm/body-parser cache-miss
181 http cache https://mirrors.tencent.com/npm/once 42ms (cache hit)
182 silly packumentCache full:https://mirrors.tencent.com/npm/once set size:14857 disposed:false
183 silly fetch manifest escape-html@^1.0.3
184 silly packumentCache full:https://mirrors.tencent.com/npm/escape-html cache-miss
185 http cache https://mirrors.tencent.com/npm/etag 43ms (cache hit)
186 silly packumentCache full:https://mirrors.tencent.com/npm/etag set size:39154 disposed:false
187 silly fetch manifest http-errors@^2.0.0
188 silly packumentCache full:https://mirrors.tencent.com/npm/http-errors cache-miss
189 http cache https://mirrors.tencent.com/npm/send 45ms (cache hit)
190 silly packumentCache full:https://mirrors.tencent.com/npm/send set size:202516 disposed:false
191 silly fetch manifest on-finished@^2.4.1
192 silly packumentCache full:https://mirrors.tencent.com/npm/on-finished cache-miss
193 http cache https://mirrors.tencent.com/npm/debug 44ms (cache hit)
194 silly packumentCache full:https://mirrors.tencent.com/npm/debug set size:249000 disposed:false
195 silly fetch manifest finalhandler@^2.1.0
196 silly packumentCache full:https://mirrors.tencent.com/npm/finalhandler cache-miss
197 http cache https://mirrors.tencent.com/npm/encodeurl 34ms (cache hit)
198 silly packumentCache full:https://mirrors.tencent.com/npm/encodeurl set size:14565 disposed:false
199 silly fetch manifest range-parser@^1.2.1
200 silly packumentCache full:https://mirrors.tencent.com/npm/range-parser cache-miss
201 http cache https://mirrors.tencent.com/npm/cookie 47ms (cache hit)
202 silly packumentCache full:https://mirrors.tencent.com/npm/cookie set size:93987 disposed:false
203 silly fetch manifest serve-static@^2.2.0
204 silly packumentCache full:https://mirrors.tencent.com/npm/serve-static cache-miss
205 http cache https://mirrors.tencent.com/npm/fresh 50ms (cache hit)
206 silly packumentCache full:https://mirrors.tencent.com/npm/fresh set size:34480 disposed:false
207 silly fetch manifest cookie-signature@^1.2.1
208 silly packumentCache full:https://mirrors.tencent.com/npm/cookie-signature cache-miss
209 http cache https://mirrors.tencent.com/npm/accepts 48ms (cache hit)
210 silly packumentCache full:https://mirrors.tencent.com/npm/accepts set size:108696 disposed:false
211 silly fetch manifest merge-descriptors@^2.0.0
212 silly packumentCache full:https://mirrors.tencent.com/npm/merge-descriptors cache-miss
213 http cache https://mirrors.tencent.com/npm/router 74ms (cache hit)
214 silly packumentCache full:https://mirrors.tencent.com/npm/router set size:155999 disposed:false
215 silly fetch manifest content-disposition@^1.0.0
216 silly packumentCache full:https://mirrors.tencent.com/npm/content-disposition cache-miss
217 http cache https://mirrors.tencent.com/npm/type-is 73ms (cache hit)
218 silly packumentCache full:https://mirrors.tencent.com/npm/type-is set size:118641 disposed:false
219 silly fetch manifest bytes@~3.1.2
220 silly packumentCache full:https://mirrors.tencent.com/npm/bytes cache-miss
221 http cache https://mirrors.tencent.com/npm/parseurl 73ms (cache hit)
222 silly packumentCache full:https://mirrors.tencent.com/npm/parseurl set size:30723 disposed:false
223 silly fetch manifest http-errors@~2.0.1
224 silly packumentCache full:https://mirrors.tencent.com/npm/http-errors cache-miss
225 http cache https://mirrors.tencent.com/npm/mime-types 65ms (cache hit)
226 silly packumentCache full:https://mirrors.tencent.com/npm/mime-types set size:186963 disposed:false
227 silly fetch manifest iconv-lite@~0.7.0
228 silly packumentCache full:https://mirrors.tencent.com/npm/iconv-lite cache-miss
229 http cache https://mirrors.tencent.com/npm/proxy-addr 67ms (cache hit)
230 silly packumentCache full:https://mirrors.tencent.com/npm/proxy-addr set size:82980 disposed:false
231 silly fetch manifest unpipe@~1.0.0
232 silly packumentCache full:https://mirrors.tencent.com/npm/unpipe cache-miss
233 http cache https://mirrors.tencent.com/npm/statuses 78ms (cache hit)
234 silly packumentCache full:https://mirrors.tencent.com/npm/statuses set size:48683 disposed:false
235 http cache https://mirrors.tencent.com/npm/http-errors 65ms (cache hit)
236 silly packumentCache full:https://mirrors.tencent.com/npm/http-errors set size:95439 disposed:false
237 http cache https://mirrors.tencent.com/npm/escape-html 68ms (cache hit)
238 silly packumentCache full:https://mirrors.tencent.com/npm/escape-html set size:8700 disposed:false
239 http cache https://mirrors.tencent.com/npm/on-finished 64ms (cache hit)
240 silly packumentCache full:https://mirrors.tencent.com/npm/on-finished set size:27949 disposed:false
241 http cache https://mirrors.tencent.com/npm/body-parser 72ms (cache hit)
242 silly packumentCache full:https://mirrors.tencent.com/npm/body-parser set size:276360 disposed:false
243 http cache https://mirrors.tencent.com/npm/range-parser 58ms (cache hit)
244 silly packumentCache full:https://mirrors.tencent.com/npm/range-parser set size:28657 disposed:false
245 http cache https://mirrors.tencent.com/npm/merge-descriptors 31ms (cache hit)
246 silly packumentCache full:https://mirrors.tencent.com/npm/merge-descriptors set size:22080 disposed:false
247 http cache https://mirrors.tencent.com/npm/serve-static 58ms (cache hit)
248 silly packumentCache full:https://mirrors.tencent.com/npm/serve-static set size:197444 disposed:false
249 http cache https://mirrors.tencent.com/npm/cookie-signature 58ms (cache hit)
250 silly packumentCache full:https://mirrors.tencent.com/npm/cookie-signature set size:28538 disposed:false
251 http cache https://mirrors.tencent.com/npm/finalhandler 66ms (cache hit)
252 silly packumentCache full:https://mirrors.tencent.com/npm/finalhandler set size:106801 disposed:false
253 http cache https://mirrors.tencent.com/npm/content-disposition 34ms (cache hit)
254 silly packumentCache full:https://mirrors.tencent.com/npm/content-disposition set size:43405 disposed:false
255 http cache https://mirrors.tencent.com/npm/iconv-lite 28ms (cache hit)
256 silly packumentCache full:https://mirrors.tencent.com/npm/iconv-lite set size:165370 disposed:false
257 http cache https://mirrors.tencent.com/npm/bytes 35ms (cache hit)
258 silly packumentCache full:https://mirrors.tencent.com/npm/bytes set size:48669 disposed:false
259 http cache https://mirrors.tencent.com/npm/http-errors 35ms (cache hit)
260 silly packumentCache full:https://mirrors.tencent.com/npm/http-errors set size:95439 disposed:false
261 silly packumentCache full:https://mirrors.tencent.com/npm/http-errors dispose
262 http cache https://mirrors.tencent.com/npm/unpipe 31ms (cache hit)
263 silly packumentCache full:https://mirrors.tencent.com/npm/unpipe set size:3771 disposed:false
264 silly placeDep ROOT fast-deep-equal@3.1.3 OK for: ajv@8.17.1 want: ^3.1.3
265 silly placeDep ROOT fast-uri@3.1.0 OK for: ajv@8.17.1 want: ^3.0.1
266 silly placeDep ROOT json-schema-traverse@1.0.0 OK for: ajv@8.17.1 want: ^1.0.0
267 silly placeDep ROOT require-from-string@2.0.2 OK for: ajv@8.17.1 want: ^2.0.2
268 silly placeDep ROOT object-assign@4.1.1 OK for: cors@2.8.5 want: ^4
269 silly placeDep ROOT vary@1.1.2 OK for: cors@2.8.5 want: ^1
270 silly placeDep ROOT path-key@3.1.1 OK for: cross-spawn@7.0.6 want: ^3.1.0
271 silly placeDep ROOT shebang-command@2.0.0 OK for: cross-spawn@7.0.6 want: ^2.0.0
272 silly placeDep ROOT which@2.0.2 OK for: cross-spawn@7.0.6 want: ^2.0.1
273 silly fetch manifest shebang-regex@^3.0.0
274 silly packumentCache full:https://mirrors.tencent.com/npm/shebang-regex cache-miss
275 silly fetch manifest isexe@^2.0.0
276 silly packumentCache full:https://mirrors.tencent.com/npm/isexe cache-miss
277 http cache https://mirrors.tencent.com/npm/isexe 4ms (cache hit)
278 silly packumentCache full:https://mirrors.tencent.com/npm/isexe set size:26474 disposed:false
279 http cache https://mirrors.tencent.com/npm/shebang-regex 6ms (cache hit)
280 silly packumentCache full:https://mirrors.tencent.com/npm/shebang-regex set size:11870 disposed:false
281 silly placeDep ROOT accepts@2.0.0 OK for: express@5.2.1 want: ^2.0.0
282 silly placeDep ROOT body-parser@2.2.1 OK for: express@5.2.1 want: ^2.2.1
283 silly placeDep ROOT content-disposition@1.0.1 OK for: express@5.2.1 want: ^1.0.0
284 silly placeDep ROOT cookie@0.7.2 OK for: express@5.2.1 want: ^0.7.1
285 silly placeDep ROOT cookie-signature@1.2.2 OK for: express@5.2.1 want: ^1.2.1
286 silly placeDep ROOT debug@4.4.3 OK for: express@5.2.1 want: ^4.4.0
287 silly placeDep ROOT depd@2.0.0 OK for: express@5.2.1 want: ^2.0.0
288 silly placeDep ROOT encodeurl@2.0.0 OK for: express@5.2.1 want: ^2.0.0
289 silly placeDep ROOT escape-html@1.0.3 OK for: express@5.2.1 want: ^1.0.3
290 silly placeDep ROOT etag@1.8.1 OK for: express@5.2.1 want: ^1.8.1
291 silly placeDep ROOT finalhandler@2.1.1 OK for: express@5.2.1 want: ^2.1.0
292 silly placeDep ROOT fresh@2.0.0 OK for: express@5.2.1 want: ^2.0.0
293 silly placeDep ROOT http-errors@2.0.1 OK for: express@5.2.1 want: ^2.0.0
294 silly placeDep ROOT merge-descriptors@2.0.0 OK for: express@5.2.1 want: ^2.0.0
295 silly placeDep ROOT mime-types@3.0.2 OK for: express@5.2.1 want: ^3.0.0
296 silly placeDep ROOT on-finished@2.4.1 OK for: express@5.2.1 want: ^2.4.1
297 silly placeDep ROOT once@1.4.0 OK for: express@5.2.1 want: ^1.4.0
298 silly placeDep ROOT parseurl@1.3.3 OK for: express@5.2.1 want: ^1.3.3
299 silly placeDep ROOT proxy-addr@2.0.7 OK for: express@5.2.1 want: ^2.0.7
300 silly placeDep ROOT qs@6.14.0 OK for: express@5.2.1 want: ^6.14.0
301 silly placeDep ROOT range-parser@1.2.1 OK for: express@5.2.1 want: ^1.2.1
302 silly placeDep ROOT router@2.2.0 OK for: express@5.2.1 want: ^2.2.0
303 silly placeDep ROOT send@1.2.0 OK for: express@5.2.1 want: ^1.1.0
304 silly placeDep ROOT serve-static@2.2.0 OK for: express@5.2.1 want: ^2.2.0
305 silly placeDep ROOT statuses@2.0.2 OK for: express@5.2.1 want: ^2.0.1
306 silly placeDep ROOT type-is@2.0.1 OK for: express@5.2.1 want: ^2.0.1
307 silly fetch manifest negotiator@^1.0.0
308 silly packumentCache full:https://mirrors.tencent.com/npm/negotiator cache-miss
309 silly fetch manifest bytes@^3.1.2
310 silly packumentCache full:https://mirrors.tencent.com/npm/bytes cache-hit
311 silly fetch manifest debug@^4.4.3
312 silly packumentCache full:https://mirrors.tencent.com/npm/debug cache-hit
313 silly fetch manifest iconv-lite@^0.7.0
314 silly packumentCache full:https://mirrors.tencent.com/npm/iconv-lite cache-hit
315 silly fetch manifest ms@^2.1.3
316 silly packumentCache full:https://mirrors.tencent.com/npm/ms cache-miss
317 silly fetch manifest inherits@~2.0.4
318 silly packumentCache full:https://mirrors.tencent.com/npm/inherits cache-miss
319 silly fetch manifest setprototypeof@~1.2.0
320 silly packumentCache full:https://mirrors.tencent.com/npm/setprototypeof cache-miss
321 silly fetch manifest statuses@~2.0.2
322 silly packumentCache full:https://mirrors.tencent.com/npm/statuses cache-hit
323 silly fetch manifest toidentifier@~1.0.1
324 silly packumentCache full:https://mirrors.tencent.com/npm/toidentifier cache-miss
325 silly fetch manifest mime-db@^1.54.0
326 silly packumentCache full:https://mirrors.tencent.com/npm/mime-db cache-miss
327 silly fetch manifest ee-first@1.1.1
328 silly packumentCache full:https://mirrors.tencent.com/npm/ee-first cache-miss
329 silly fetch manifest wrappy@1
330 silly packumentCache full:https://mirrors.tencent.com/npm/wrappy cache-miss
331 silly fetch manifest forwarded@0.2.0
332 silly packumentCache full:https://mirrors.tencent.com/npm/forwarded cache-miss
333 silly fetch manifest ipaddr.js@1.9.1
334 silly packumentCache full:https://mirrors.tencent.com/npm/ipaddr.js cache-miss
335 silly fetch manifest side-channel@^1.1.0
336 silly packumentCache full:https://mirrors.tencent.com/npm/side-channel cache-miss
337 silly fetch manifest is-promise@^4.0.0
338 silly packumentCache full:https://mirrors.tencent.com/npm/is-promise cache-miss
339 silly fetch manifest path-to-regexp@^8.0.0
340 silly packumentCache full:https://mirrors.tencent.com/npm/path-to-regexp cache-miss
341 silly fetch manifest ms@^2.1.3
342 silly packumentCache full:https://mirrors.tencent.com/npm/ms cache-miss
343 silly fetch manifest media-typer@^1.1.0
344 silly packumentCache full:https://mirrors.tencent.com/npm/media-typer cache-miss
345 http cache https://mirrors.tencent.com/npm/inherits 27ms (cache hit)
346 silly packumentCache full:https://mirrors.tencent.com/npm/inherits set size:15528 disposed:false
347 http cache https://mirrors.tencent.com/npm/toidentifier 27ms (cache hit)
348 silly packumentCache full:https://mirrors.tencent.com/npm/toidentifier set size:14439 disposed:false
349 http cache https://mirrors.tencent.com/npm/ms 31ms (cache hit)
350 silly packumentCache full:https://mirrors.tencent.com/npm/ms set size:136257 disposed:false
351 http cache https://mirrors.tencent.com/npm/negotiator 34ms (cache hit)
352 silly packumentCache full:https://mirrors.tencent.com/npm/negotiator set size:66924 disposed:false
353 http cache https://mirrors.tencent.com/npm/setprototypeof 33ms (cache hit)
354 silly packumentCache full:https://mirrors.tencent.com/npm/setprototypeof set size:18160 disposed:false
355 http cache https://mirrors.tencent.com/npm/ee-first 31ms (cache hit)
356 silly packumentCache full:https://mirrors.tencent.com/npm/ee-first set size:19234 disposed:false
357 http cache https://mirrors.tencent.com/npm/wrappy 31ms (cache hit)
358 silly packumentCache full:https://mirrors.tencent.com/npm/wrappy set size:8888 disposed:false
359 http cache https://mirrors.tencent.com/npm/forwarded 32ms (cache hit)
360 silly packumentCache full:https://mirrors.tencent.com/npm/forwarded set size:13573 disposed:false
361 http cache https://mirrors.tencent.com/npm/mime-db 34ms (cache hit)
362 silly packumentCache full:https://mirrors.tencent.com/npm/mime-db set size:223961 disposed:false
363 http cache https://mirrors.tencent.com/npm/ms 32ms (cache hit)
364 silly packumentCache full:https://mirrors.tencent.com/npm/ms set size:136257 disposed:false
365 silly packumentCache full:https://mirrors.tencent.com/npm/ms dispose
366 http cache https://mirrors.tencent.com/npm/ipaddr.js 37ms (cache hit)
367 silly packumentCache full:https://mirrors.tencent.com/npm/ipaddr.js set size:89915 disposed:false
368 http cache https://mirrors.tencent.com/npm/path-to-regexp 37ms (cache hit)
369 silly packumentCache full:https://mirrors.tencent.com/npm/path-to-regexp set size:299398 disposed:false
370 http cache https://mirrors.tencent.com/npm/side-channel 43ms (cache hit)
371 silly packumentCache full:https://mirrors.tencent.com/npm/side-channel set size:31422 disposed:false
372 http cache https://mirrors.tencent.com/npm/media-typer 40ms (cache hit)
373 silly packumentCache full:https://mirrors.tencent.com/npm/media-typer set size:25275 disposed:false
374 http cache https://mirrors.tencent.com/npm/is-promise 43ms (cache hit)
375 silly packumentCache full:https://mirrors.tencent.com/npm/is-promise set size:23226 disposed:false
376 silly placeDep ROOT negotiator@1.0.0 OK for: accepts@2.0.0 want: ^1.0.0
377 silly placeDep ROOT bytes@3.1.2 OK for: body-parser@2.2.1 want: ^3.1.2
378 silly placeDep ROOT iconv-lite@0.7.0 OK for: body-parser@2.2.1 want: ^0.7.0
379 silly fetch manifest safer-buffer@>= 2.1.2 < 3.0.0
380 silly packumentCache full:https://mirrors.tencent.com/npm/safer-buffer cache-miss
381 http cache https://mirrors.tencent.com/npm/safer-buffer 3ms (cache hit)
382 silly packumentCache full:https://mirrors.tencent.com/npm/safer-buffer set size:21882 disposed:false
383 silly placeDep ROOT ms@2.1.3 OK for: debug@4.4.3 want: ^2.1.3
384 silly placeDep ROOT inherits@2.0.4 OK for: http-errors@2.0.1 want: ~2.0.4
385 silly placeDep ROOT setprototypeof@1.2.0 OK for: http-errors@2.0.1 want: ~1.2.0
386 silly placeDep ROOT toidentifier@1.0.1 OK for: http-errors@2.0.1 want: ~1.0.1
387 silly placeDep ROOT safer-buffer@2.1.2 OK for: iconv-lite@0.7.0 want: >= 2.1.2 < 3.0.0
388 silly placeDep ROOT mime-db@1.54.0 OK for: mime-types@3.0.2 want: ^1.54.0
389 silly placeDep ROOT ee-first@1.1.1 OK for: on-finished@2.4.1 want: 1.1.1
390 silly placeDep ROOT wrappy@1.0.2 OK for: once@1.4.0 want: 1
391 silly placeDep ROOT forwarded@0.2.0 OK for: proxy-addr@2.0.7 want: 0.2.0
392 silly placeDep ROOT ipaddr.js@1.9.1 OK for: proxy-addr@2.0.7 want: 1.9.1
393 silly placeDep ROOT side-channel@1.1.0 OK for: qs@6.14.0 want: ^1.1.0
394 silly fetch manifest es-errors@^1.3.0
395 silly packumentCache full:https://mirrors.tencent.com/npm/es-errors cache-miss
396 silly fetch manifest object-inspect@^1.13.3
397 silly packumentCache full:https://mirrors.tencent.com/npm/object-inspect cache-miss
398 silly fetch manifest side-channel-list@^1.0.0
399 silly packumentCache full:https://mirrors.tencent.com/npm/side-channel-list cache-miss
400 silly fetch manifest side-channel-map@^1.0.1
401 silly packumentCache full:https://mirrors.tencent.com/npm/side-channel-map cache-miss
402 silly fetch manifest side-channel-weakmap@^1.0.2
403 silly packumentCache full:https://mirrors.tencent.com/npm/side-channel-weakmap cache-miss
404 http cache https://mirrors.tencent.com/npm/object-inspect 9ms (cache hit)
405 silly packumentCache full:https://mirrors.tencent.com/npm/object-inspect set size:139479 disposed:false
406 http cache https://mirrors.tencent.com/npm/es-errors 11ms (cache hit)
407 silly packumentCache full:https://mirrors.tencent.com/npm/es-errors set size:21873 disposed:false
408 http cache https://mirrors.tencent.com/npm/side-channel-list 11ms (cache hit)
409 silly packumentCache full:https://mirrors.tencent.com/npm/side-channel-list set size:6700 disposed:false
410 http cache https://mirrors.tencent.com/npm/side-channel-map 12ms (cache hit)
411 silly packumentCache full:https://mirrors.tencent.com/npm/side-channel-map set size:10914 disposed:false
412 http cache https://mirrors.tencent.com/npm/side-channel-weakmap 12ms (cache hit)
413 silly packumentCache full:https://mirrors.tencent.com/npm/side-channel-weakmap set size:15620 disposed:false
414 silly placeDep ROOT unpipe@1.0.0 OK for: raw-body@3.0.2 want: ~1.0.0
415 silly placeDep ROOT is-promise@4.0.0 OK for: router@2.2.0 want: ^4.0.0
416 silly placeDep ROOT path-to-regexp@8.3.0 OK for: router@2.2.0 want: ^8.0.0
417 silly placeDep ROOT shebang-regex@3.0.0 OK for: shebang-command@2.0.0 want: ^3.0.0
418 silly placeDep ROOT es-errors@1.3.0 OK for: side-channel@1.1.0 want: ^1.3.0
419 silly placeDep ROOT object-inspect@1.13.4 OK for: side-channel@1.1.0 want: ^1.13.3
420 silly placeDep ROOT side-channel-list@1.0.0 OK for: side-channel@1.1.0 want: ^1.0.0
421 silly placeDep ROOT side-channel-map@1.0.1 OK for: side-channel@1.1.0 want: ^1.0.1
422 silly placeDep ROOT side-channel-weakmap@1.0.2 OK for: side-channel@1.1.0 want: ^1.0.2
423 silly fetch manifest call-bound@^1.0.2
424 silly packumentCache full:https://mirrors.tencent.com/npm/call-bound cache-miss
425 silly fetch manifest get-intrinsic@^1.2.5
426 silly packumentCache full:https://mirrors.tencent.com/npm/get-intrinsic cache-miss
427 silly fetch manifest call-bound@^1.0.2
428 silly packumentCache full:https://mirrors.tencent.com/npm/call-bound cache-miss
429 silly fetch manifest get-intrinsic@^1.2.5
430 silly packumentCache full:https://mirrors.tencent.com/npm/get-intrinsic cache-miss
431 http cache https://mirrors.tencent.com/npm/get-intrinsic 6ms (cache hit)
432 silly packumentCache full:https://mirrors.tencent.com/npm/get-intrinsic set size:80540 disposed:false
433 http cache https://mirrors.tencent.com/npm/call-bound 9ms (cache hit)
434 silly packumentCache full:https://mirrors.tencent.com/npm/call-bound set size:19871 disposed:false
435 http cache https://mirrors.tencent.com/npm/get-intrinsic 11ms (cache hit)
436 silly packumentCache full:https://mirrors.tencent.com/npm/get-intrinsic set size:80540 disposed:false
437 silly packumentCache full:https://mirrors.tencent.com/npm/get-intrinsic dispose
438 http cache https://mirrors.tencent.com/npm/call-bound 11ms (cache hit)
439 silly packumentCache full:https://mirrors.tencent.com/npm/call-bound set size:19871 disposed:false
440 silly packumentCache full:https://mirrors.tencent.com/npm/call-bound dispose
441 silly placeDep ROOT call-bound@1.0.4 OK for: side-channel-map@1.0.1 want: ^1.0.2
442 silly placeDep ROOT get-intrinsic@1.3.0 OK for: side-channel-map@1.0.1 want: ^1.2.5
443 silly fetch manifest call-bind-apply-helpers@^1.0.2
444 silly packumentCache full:https://mirrors.tencent.com/npm/call-bind-apply-helpers cache-miss
445 silly fetch manifest get-intrinsic@^1.3.0
446 silly packumentCache full:https://mirrors.tencent.com/npm/get-intrinsic cache-hit
447 silly fetch manifest gopd@^1.2.0
448 silly packumentCache full:https://mirrors.tencent.com/npm/gopd cache-miss
449 silly fetch manifest hasown@^2.0.2
450 silly packumentCache full:https://mirrors.tencent.com/npm/hasown cache-miss
451 silly fetch manifest get-proto@^1.0.1
452 silly packumentCache full:https://mirrors.tencent.com/npm/get-proto cache-miss
453 silly fetch manifest has-symbols@^1.1.0
454 silly packumentCache full:https://mirrors.tencent.com/npm/has-symbols cache-miss
455 silly fetch manifest function-bind@^1.1.2
456 silly packumentCache full:https://mirrors.tencent.com/npm/function-bind cache-miss
457 silly fetch manifest es-object-atoms@^1.1.1
458 silly packumentCache full:https://mirrors.tencent.com/npm/es-object-atoms cache-miss
459 silly fetch manifest math-intrinsics@^1.1.0
460 silly packumentCache full:https://mirrors.tencent.com/npm/math-intrinsics cache-miss
461 silly fetch manifest es-define-property@^1.0.1
462 silly packumentCache full:https://mirrors.tencent.com/npm/es-define-property cache-miss
463 silly fetch manifest call-bind-apply-helpers@^1.0.2
464 silly packumentCache full:https://mirrors.tencent.com/npm/call-bind-apply-helpers cache-miss
465 http cache https://mirrors.tencent.com/npm/call-bind-apply-helpers 14ms (cache hit)
466 silly packumentCache full:https://mirrors.tencent.com/npm/call-bind-apply-helpers set size:15802 disposed:false
467 http cache https://mirrors.tencent.com/npm/hasown 15ms (cache hit)
468 silly packumentCache full:https://mirrors.tencent.com/npm/hasown set size:16195 disposed:false
469 http cache https://mirrors.tencent.com/npm/gopd 16ms (cache hit)
470 silly packumentCache full:https://mirrors.tencent.com/npm/gopd set size:14188 disposed:false
471 http cache https://mirrors.tencent.com/npm/get-proto 16ms (cache hit)
472 silly packumentCache full:https://mirrors.tencent.com/npm/get-proto set size:10099 disposed:false
473 http cache https://mirrors.tencent.com/npm/has-symbols 17ms (cache hit)
474 silly packumentCache full:https://mirrors.tencent.com/npm/has-symbols set size:27076 disposed:false
475 http cache https://mirrors.tencent.com/npm/function-bind 18ms (cache hit)
476 silly packumentCache full:https://mirrors.tencent.com/npm/function-bind set size:20907 disposed:false
477 http cache https://mirrors.tencent.com/npm/call-bind-apply-helpers 17ms (cache hit)
478 silly packumentCache full:https://mirrors.tencent.com/npm/call-bind-apply-helpers set size:15802 disposed:false
479 silly packumentCache full:https://mirrors.tencent.com/npm/call-bind-apply-helpers dispose
480 http cache https://mirrors.tencent.com/npm/math-intrinsics 18ms (cache hit)
481 silly packumentCache full:https://mirrors.tencent.com/npm/math-intrinsics set size:11209 disposed:false
482 http cache https://mirrors.tencent.com/npm/es-object-atoms 19ms (cache hit)
483 silly packumentCache full:https://mirrors.tencent.com/npm/es-object-atoms set size:19232 disposed:false
484 http cache https://mirrors.tencent.com/npm/es-define-property 19ms (cache hit)
485 silly packumentCache full:https://mirrors.tencent.com/npm/es-define-property set size:10251 disposed:false
486 silly placeDep ROOT call-bind-apply-helpers@1.0.2 OK for: call-bound@1.0.4 want: ^1.0.2
487 silly placeDep ROOT function-bind@1.1.2 OK for: call-bind-apply-helpers@1.0.2 want: ^1.1.2
488 silly placeDep ROOT es-define-property@1.0.1 OK for: get-intrinsic@1.3.0 want: ^1.0.1
489 silly placeDep ROOT es-object-atoms@1.1.1 OK for: get-intrinsic@1.3.0 want: ^1.1.1
490 silly placeDep ROOT get-proto@1.0.1 OK for: get-intrinsic@1.3.0 want: ^1.0.1
491 silly placeDep ROOT gopd@1.2.0 OK for: get-intrinsic@1.3.0 want: ^1.2.0
492 silly placeDep ROOT has-symbols@1.1.0 OK for: get-intrinsic@1.3.0 want: ^1.1.0
493 silly placeDep ROOT hasown@2.0.2 OK for: get-intrinsic@1.3.0 want: ^2.0.2
494 silly placeDep ROOT math-intrinsics@1.1.0 OK for: get-intrinsic@1.3.0 want: ^1.1.0
495 silly fetch manifest dunder-proto@^1.0.1
496 silly packumentCache full:https://mirrors.tencent.com/npm/dunder-proto cache-miss
497 http cache https://mirrors.tencent.com/npm/dunder-proto 3ms (cache hit)
498 silly packumentCache full:https://mirrors.tencent.com/npm/dunder-proto set size:9976 disposed:false
499 silly placeDep ROOT dunder-proto@1.0.1 OK for: get-proto@1.0.1 want: ^1.0.1
500 silly placeDep ROOT media-typer@1.1.0 OK for: type-is@2.0.1 want: ^1.1.0
501 silly placeDep ROOT isexe@2.0.0 OK for: which@2.0.2 want: ^2.0.0
502 silly reify moves {}
503 silly audit bulk request {
503 silly audit   '@modelcontextprotocol/server-memory': [ '2025.11.25' ],
503 silly audit   '@modelcontextprotocol/sdk': [ '1.24.3' ],
503 silly audit   ajv: [ '8.17.1' ],
503 silly audit   'ajv-formats': [ '3.0.1' ],
503 silly audit   'content-type': [ '1.0.5' ],
503 silly audit   cors: [ '2.8.5' ],
503 silly audit   'cross-spawn': [ '7.0.6' ],
503 silly audit   eventsource: [ '3.0.7' ],
503 silly audit   'eventsource-parser': [ '3.0.6' ],
503 silly audit   express: [ '5.2.1' ],
503 silly audit   'express-rate-limit': [ '7.5.1' ],
503 silly audit   jose: [ '6.1.3' ],
503 silly audit   'pkce-challenge': [ '5.0.1' ],
503 silly audit   'raw-body': [ '3.0.2' ],
503 silly audit   zod: [ '4.1.13' ],
503 silly audit   'zod-to-json-schema': [ '3.25.0' ],
503 silly audit   'fast-deep-equal': [ '3.1.3' ],
503 silly audit   'fast-uri': [ '3.1.0' ],
503 silly audit   'json-schema-traverse': [ '1.0.0' ],
503 silly audit   'require-from-string': [ '2.0.2' ],
503 silly audit   'object-assign': [ '4.1.1' ],
503 silly audit   vary: [ '1.1.2' ],
503 silly audit   'path-key': [ '3.1.1' ],
503 silly audit   'shebang-command': [ '2.0.0' ],
503 silly audit   which: [ '2.0.2' ],
503 silly audit   accepts: [ '2.0.0' ],
503 silly audit   'body-parser': [ '2.2.1' ],
503 silly audit   'content-disposition': [ '1.0.1' ],
503 silly audit   cookie: [ '0.7.2' ],
503 silly audit   'cookie-signature': [ '1.2.2' ],
503 silly audit   debug: [ '4.4.3' ],
503 silly audit   depd: [ '2.0.0' ],
503 silly audit   encodeurl: [ '2.0.0' ],
503 silly audit   'escape-html': [ '1.0.3' ],
503 silly audit   etag: [ '1.8.1' ],
503 silly audit   finalhandler: [ '2.1.1' ],
503 silly audit   fresh: [ '2.0.0' ],
503 silly audit   'http-errors': [ '2.0.1' ],
503 silly audit   'merge-descriptors': [ '2.0.0' ],
503 silly audit   'mime-types': [ '3.0.2' ],
503 silly audit   'on-finished': [ '2.4.1' ],
503 silly audit   once: [ '1.4.0' ],
503 silly audit   parseurl: [ '1.3.3' ],
503 silly audit   'proxy-addr': [ '2.0.7' ],
503 silly audit   qs: [ '6.14.0' ],
503 silly audit   'range-parser': [ '1.2.1' ],
503 silly audit   router: [ '2.2.0' ],
503 silly audit   send: [ '1.2.0' ],
503 silly audit   'serve-static': [ '2.2.0' ],
503 silly audit   statuses: [ '2.0.2' ],
503 silly audit   'type-is': [ '2.0.1' ],
503 silly audit   negotiator: [ '1.0.0' ],
503 silly audit   bytes: [ '3.1.2' ],
503 silly audit   'iconv-lite': [ '0.7.0' ],
503 silly audit   ms: [ '2.1.3' ],
503 silly audit   inherits: [ '2.0.4' ],
503 silly audit   setprototypeof: [ '1.2.0' ],
503 silly audit   toidentifier: [ '1.0.1' ],
503 silly audit   'safer-buffer': [ '2.1.2' ],
503 silly audit   'mime-db': [ '1.54.0' ],
503 silly audit   'ee-first': [ '1.1.1' ],
503 silly audit   wrappy: [ '1.0.2' ],
503 silly audit   forwarded: [ '0.2.0' ],
503 silly audit   'ipaddr.js': [ '1.9.1' ],
503 silly audit   'side-channel': [ '1.1.0' ],
503 silly audit   unpipe: [ '1.0.0' ],
503 silly audit   'is-promise': [ '4.0.0' ],
503 silly audit   'path-to-regexp': [ '8.3.0' ],
503 silly audit   'shebang-regex': [ '3.0.0' ],
503 silly audit   'es-errors': [ '1.3.0' ],
503 silly audit   'object-inspect': [ '1.13.4' ],
503 silly audit   'side-channel-list': [ '1.0.0' ],
503 silly audit   'side-channel-map': [ '1.0.1' ],
503 silly audit   'side-channel-weakmap': [ '1.0.2' ],
503 silly audit   'call-bound': [ '1.0.4' ],
503 silly audit   'get-intrinsic': [ '1.3.0' ],
503 silly audit   'call-bind-apply-helpers': [ '1.0.2' ],
503 silly audit   'function-bind': [ '1.1.2' ],
503 silly audit   'es-define-property': [ '1.0.1' ],
503 silly audit   'es-object-atoms': [ '1.1.1' ],
503 silly audit   'get-proto': [ '1.0.1' ],
503 silly audit   gopd: [ '1.2.0' ],
503 silly audit   'has-symbols': [ '1.1.0' ],
503 silly audit   hasown: [ '2.0.2' ],
503 silly audit   'math-intrinsics': [ '1.1.0' ],
503 silly audit   'dunder-proto': [ '1.0.1' ],
503 silly audit   'media-typer': [ '1.1.0' ],
503 silly audit   isexe: [ '2.0.0' ]
503 silly audit }
504 http cache media-typer@https://mirrors.tencent.com/npm/media-typer/-/media-typer-1.1.0.tgz 0ms (cache hit)
505 http cache isexe@https://mirrors.tencent.com/npm/isexe/-/isexe-2.0.0.tgz 0ms (cache hit)
506 http cache math-intrinsics@https://mirrors.tencent.com/npm/math-intrinsics/-/math-intrinsics-1.1.0.tgz 0ms (cache hit)
507 http cache hasown@https://mirrors.tencent.com/npm/hasown/-/hasown-2.0.2.tgz 0ms (cache hit)
508 http cache dunder-proto@https://mirrors.tencent.com/npm/dunder-proto/-/dunder-proto-1.0.1.tgz 0ms (cache hit)
509 http cache gopd@https://mirrors.tencent.com/npm/gopd/-/gopd-1.2.0.tgz 0ms (cache hit)
510 http cache get-proto@https://mirrors.tencent.com/npm/get-proto/-/get-proto-1.0.1.tgz 0ms (cache hit)
511 http cache has-symbols@https://mirrors.tencent.com/npm/has-symbols/-/has-symbols-1.1.0.tgz 0ms (cache hit)
512 http cache es-define-property@https://mirrors.tencent.com/npm/es-define-property/-/es-define-property-1.0.1.tgz 0ms (cache hit)
513 http cache es-object-atoms@https://mirrors.tencent.com/npm/es-object-atoms/-/es-object-atoms-1.1.1.tgz 0ms (cache hit)
514 http cache function-bind@https://mirrors.tencent.com/npm/function-bind/-/function-bind-1.1.2.tgz 0ms (cache hit)
515 http cache call-bind-apply-helpers@https://mirrors.tencent.com/npm/call-bind-apply-helpers/-/call-bind-apply-helpers-1.0.2.tgz 0ms (cache hit)
516 http cache get-intrinsic@https://mirrors.tencent.com/npm/get-intrinsic/-/get-intrinsic-1.3.0.tgz 0ms (cache hit)
517 http cache side-channel-weakmap@https://mirrors.tencent.com/npm/side-channel-weakmap/-/side-channel-weakmap-1.0.2.tgz 0ms (cache hit)
518 http cache call-bound@https://mirrors.tencent.com/npm/call-bound/-/call-bound-1.0.4.tgz 0ms (cache hit)
519 http cache side-channel-list@https://mirrors.tencent.com/npm/side-channel-list/-/side-channel-list-1.0.0.tgz 0ms (cache hit)
520 http cache side-channel-map@https://mirrors.tencent.com/npm/side-channel-map/-/side-channel-map-1.0.1.tgz 0ms (cache hit)
521 http cache object-inspect@https://mirrors.tencent.com/npm/object-inspect/-/object-inspect-1.13.4.tgz 0ms (cache hit)
522 http cache shebang-regex@https://mirrors.tencent.com/npm/shebang-regex/-/shebang-regex-3.0.0.tgz 0ms (cache hit)
523 http cache es-errors@https://mirrors.tencent.com/npm/es-errors/-/es-errors-1.3.0.tgz 0ms (cache hit)
524 http cache path-to-regexp@https://mirrors.tencent.com/npm/path-to-regexp/-/path-to-regexp-8.3.0.tgz 0ms (cache hit)
525 http cache is-promise@https://mirrors.tencent.com/npm/is-promise/-/is-promise-4.0.0.tgz 0ms (cache hit)
526 http cache unpipe@https://mirrors.tencent.com/npm/unpipe/-/unpipe-1.0.0.tgz 0ms (cache hit)
527 http cache side-channel@https://mirrors.tencent.com/npm/side-channel/-/side-channel-1.1.0.tgz 0ms (cache hit)
528 http cache ipaddr.js@https://mirrors.tencent.com/npm/ipaddr.js/-/ipaddr.js-1.9.1.tgz 0ms (cache hit)
529 http cache forwarded@https://mirrors.tencent.com/npm/forwarded/-/forwarded-0.2.0.tgz 0ms (cache hit)
530 http cache wrappy@https://mirrors.tencent.com/npm/wrappy/-/wrappy-1.0.2.tgz 0ms (cache hit)
531 http cache ee-first@https://mirrors.tencent.com/npm/ee-first/-/ee-first-1.1.1.tgz 0ms (cache hit)
532 http cache mime-db@https://mirrors.tencent.com/npm/mime-db/-/mime-db-1.54.0.tgz 0ms (cache hit)
533 http cache safer-buffer@https://mirrors.tencent.com/npm/safer-buffer/-/safer-buffer-2.1.2.tgz 0ms (cache hit)
534 http cache setprototypeof@https://mirrors.tencent.com/npm/setprototypeof/-/setprototypeof-1.2.0.tgz 0ms (cache hit)
535 http cache toidentifier@https://mirrors.tencent.com/npm/toidentifier/-/toidentifier-1.0.1.tgz 0ms (cache hit)
536 http cache ms@https://mirrors.tencent.com/npm/ms/-/ms-2.1.3.tgz 0ms (cache hit)
537 http cache inherits@https://mirrors.tencent.com/npm/inherits/-/inherits-2.0.4.tgz 0ms (cache hit)
538 http cache negotiator@https://mirrors.tencent.com/npm/negotiator/-/negotiator-1.0.0.tgz 0ms (cache hit)
539 http cache type-is@https://mirrors.tencent.com/npm/type-is/-/type-is-2.0.1.tgz 0ms (cache hit)
540 http cache iconv-lite@https://mirrors.tencent.com/npm/iconv-lite/-/iconv-lite-0.7.0.tgz 0ms (cache hit)
541 http cache bytes@https://mirrors.tencent.com/npm/bytes/-/bytes-3.1.2.tgz 0ms (cache hit)
542 http cache statuses@https://mirrors.tencent.com/npm/statuses/-/statuses-2.0.2.tgz 0ms (cache hit)
543 http cache serve-static@https://mirrors.tencent.com/npm/serve-static/-/serve-static-2.2.0.tgz 0ms (cache hit)
544 http cache send@https://mirrors.tencent.com/npm/send/-/send-1.2.0.tgz 0ms (cache hit)
545 http cache router@https://mirrors.tencent.com/npm/router/-/router-2.2.0.tgz 0ms (cache hit)
546 http cache proxy-addr@https://mirrors.tencent.com/npm/proxy-addr/-/proxy-addr-2.0.7.tgz 0ms (cache hit)
547 http cache parseurl@https://mirrors.tencent.com/npm/parseurl/-/parseurl-1.3.3.tgz 0ms (cache hit)
548 http cache range-parser@https://mirrors.tencent.com/npm/range-parser/-/range-parser-1.2.1.tgz 0ms (cache hit)
549 http cache qs@https://mirrors.tencent.com/npm/qs/-/qs-6.14.0.tgz 0ms (cache hit)
550 http cache once@https://mirrors.tencent.com/npm/once/-/once-1.4.0.tgz 0ms (cache hit)
551 http cache on-finished@https://mirrors.tencent.com/npm/on-finished/-/on-finished-2.4.1.tgz 0ms (cache hit)
552 http cache http-errors@https://mirrors.tencent.com/npm/http-errors/-/http-errors-2.0.1.tgz 0ms (cache hit)
553 http cache merge-descriptors@https://mirrors.tencent.com/npm/merge-descriptors/-/merge-descriptors-2.0.0.tgz 0ms (cache hit)
554 http cache mime-types@https://mirrors.tencent.com/npm/mime-types/-/mime-types-3.0.2.tgz 0ms (cache hit)
555 http cache fresh@https://mirrors.tencent.com/npm/fresh/-/fresh-2.0.0.tgz 0ms (cache hit)
556 http cache finalhandler@https://mirrors.tencent.com/npm/finalhandler/-/finalhandler-2.1.1.tgz 0ms (cache hit)
557 http cache etag@https://mirrors.tencent.com/npm/etag/-/etag-1.8.1.tgz 0ms (cache hit)
558 http cache encodeurl@https://mirrors.tencent.com/npm/encodeurl/-/encodeurl-2.0.0.tgz 0ms (cache hit)
559 http cache escape-html@https://mirrors.tencent.com/npm/escape-html/-/escape-html-1.0.3.tgz 0ms (cache hit)
560 http cache depd@https://mirrors.tencent.com/npm/depd/-/depd-2.0.0.tgz 0ms (cache hit)
561 http cache debug@https://mirrors.tencent.com/npm/debug/-/debug-4.4.3.tgz 0ms (cache hit)
562 http cache cookie@https://mirrors.tencent.com/npm/cookie/-/cookie-0.7.2.tgz 0ms (cache hit)
563 http cache cookie-signature@https://mirrors.tencent.com/npm/cookie-signature/-/cookie-signature-1.2.2.tgz 0ms (cache hit)
564 http cache accepts@https://mirrors.tencent.com/npm/accepts/-/accepts-2.0.0.tgz 0ms (cache hit)
565 http cache body-parser@https://mirrors.tencent.com/npm/body-parser/-/body-parser-2.2.1.tgz 0ms (cache hit)
566 http cache which@https://mirrors.tencent.com/npm/which/-/which-2.0.2.tgz 0ms (cache hit)
567 http cache shebang-command@https://mirrors.tencent.com/npm/shebang-command/-/shebang-command-2.0.0.tgz 0ms (cache hit)
568 http cache path-key@https://mirrors.tencent.com/npm/path-key/-/path-key-3.1.1.tgz 0ms (cache hit)
569 http cache vary@https://mirrors.tencent.com/npm/vary/-/vary-1.1.2.tgz 0ms (cache hit)
570 http cache object-assign@https://mirrors.tencent.com/npm/object-assign/-/object-assign-4.1.1.tgz 0ms (cache hit)
571 http cache json-schema-traverse@https://mirrors.tencent.com/npm/json-schema-traverse/-/json-schema-traverse-1.0.0.tgz 0ms (cache hit)
572 http cache require-from-string@https://mirrors.tencent.com/npm/require-from-string/-/require-from-string-2.0.2.tgz 0ms (cache hit)
573 http cache fast-uri@https://mirrors.tencent.com/npm/fast-uri/-/fast-uri-3.1.0.tgz 0ms (cache hit)
574 http cache content-disposition@https://mirrors.tencent.com/npm/content-disposition/-/content-disposition-1.0.1.tgz 0ms (cache hit)
575 http cache fast-deep-equal@https://mirrors.tencent.com/npm/fast-deep-equal/-/fast-deep-equal-3.1.3.tgz 0ms (cache hit)
576 http cache zod-to-json-schema@https://mirrors.tencent.com/npm/zod-to-json-schema/-/zod-to-json-schema-3.25.0.tgz 0ms (cache hit)
577 http cache zod@https://mirrors.tencent.com/npm/zod/-/zod-4.1.13.tgz 0ms (cache hit)
578 http cache raw-body@https://mirrors.tencent.com/npm/raw-body/-/raw-body-3.0.2.tgz 0ms (cache hit)
579 http cache pkce-challenge@https://mirrors.tencent.com/npm/pkce-challenge/-/pkce-challenge-5.0.1.tgz 0ms (cache hit)
580 http cache jose@https://mirrors.tencent.com/npm/jose/-/jose-6.1.3.tgz 0ms (cache hit)
581 http cache express-rate-limit@https://mirrors.tencent.com/npm/express-rate-limit/-/express-rate-limit-7.5.1.tgz 0ms (cache hit)
582 http cache express@https://mirrors.tencent.com/npm/express/-/express-5.2.1.tgz 0ms (cache hit)
583 http cache eventsource-parser@https://mirrors.tencent.com/npm/eventsource-parser/-/eventsource-parser-3.0.6.tgz 0ms (cache hit)
584 http cache cross-spawn@https://mirrors.tencent.com/npm/cross-spawn/-/cross-spawn-7.0.6.tgz 0ms (cache hit)
585 http cache eventsource@https://mirrors.tencent.com/npm/eventsource/-/eventsource-3.0.7.tgz 0ms (cache hit)
586 http cache content-type@https://mirrors.tencent.com/npm/content-type/-/content-type-1.0.5.tgz 0ms (cache hit)
587 http cache ajv-formats@https://mirrors.tencent.com/npm/ajv-formats/-/ajv-formats-3.0.1.tgz 0ms (cache hit)
588 http cache ajv@https://mirrors.tencent.com/npm/ajv/-/ajv-8.17.1.tgz 0ms (cache hit)
589 http cache @modelcontextprotocol/sdk@https://mirrors.tencent.com/npm/@modelcontextprotocol/sdk/-/sdk-1.24.3.tgz 0ms (cache hit)
590 http cache cors@https://mirrors.tencent.com/npm/cors/-/cors-2.8.5.tgz 0ms (cache hit)
591 http cache @modelcontextprotocol/server-memory@https://mirrors.tencent.com/npm/@modelcontextprotocol/server-memory/-/server-memory-2025.11.25.tgz 0ms (cache hit)
592 silly tarball no local data for zod@https://mirrors.tencent.com/npm/zod/-/zod-4.1.13.tgz. Extracting by manifest.
593 silly tarball no local data for @modelcontextprotocol/server-memory@https://mirrors.tencent.com/npm/@modelcontextprotocol/server-memory/-/server-memory-2025.11.25.tgz. Extracting by manifest.
594 http fetch POST 200 https://mirrors.tencent.com/npm/-/npm/v1/security/advisories/bulk 416ms
595 silly audit report {}
596 http fetch GET 200 https://mirrors.tencent.com/npm/@modelcontextprotocol/server-memory/-/server-memory-2025.11.25.tgz 587ms (cache miss)
597 http fetch GET 200 https://mirrors.tencent.com/npm/zod/-/zod-4.1.13.tgz 1286ms (cache miss)
