0 verbose cli /usr/local/Cellar/node/25.2.1/bin/node /usr/local/bin/npm
1 info using npm@11.6.2
2 info using node@v25.2.1
3 silly config load:file:/usr/local/lib/node_modules/npm/npmrc
4 silly config load:file:/Users/admin/.npmrc
5 silly config load:file:/usr/local/etc/npmrc
6 verbose title npm install openskills
7 verbose argv "install" "--global" "openskills"
8 verbose logfile logs-max:10 dir:/Users/admin/Documents/trae_projects/search_market_intelligence/.npm-cache/_logs/2025-12-10T03_22_36_121Z-
9 verbose logfile /Users/admin/Documents/trae_projects/search_market_intelligence/.npm-cache/_logs/2025-12-10T03_22_36_121Z-debug-0.log
10 silly packumentCache heap:4496293888 maxSize:1124073472 maxEntrySize:562036736
11 silly logfile done cleaning log files
12 silly idealTree buildDeps
13 silly fetch manifest openskills@*
14 silly packumentCache full:https://mirrors.tencent.com/npm/openskills cache-miss
15 http fetch GET 200 https://mirrors.tencent.com/npm/npm 445ms
16 http fetch GET 200 https://mirrors.tencent.com/npm/openskills 892ms (cache miss)
17 silly packumentCache full:https://mirrors.tencent.com/npm/openskills set size:undefined disposed:false
18 silly placeDep ROOT openskills@1.2.1 OK for:  want: *
19 silly fetch manifest @inquirer/prompts@^7.9.0
20 silly packumentCache full:https://mirrors.tencent.com/npm/@inquirer%2fprompts cache-miss
21 silly fetch manifest chalk@^5.6.2
22 silly packumentCache full:https://mirrors.tencent.com/npm/chalk cache-miss
23 silly fetch manifest commander@^12.1.0
24 silly packumentCache full:https://mirrors.tencent.com/npm/commander cache-miss
25 silly fetch manifest ora@^9.0.0
26 silly packumentCache full:https://mirrors.tencent.com/npm/ora cache-miss
27 http fetch GET 200 https://mirrors.tencent.com/npm/chalk 273ms (cache miss)
28 silly packumentCache full:https://mirrors.tencent.com/npm/chalk set size:undefined disposed:false
29 http fetch GET 200 https://mirrors.tencent.com/npm/@inquirer%2fprompts 332ms (cache miss)
30 silly packumentCache full:https://mirrors.tencent.com/npm/@inquirer%2fprompts set size:undefined disposed:false
31 http fetch GET 200 https://mirrors.tencent.com/npm/commander 401ms (cache miss)
32 silly packumentCache full:https://mirrors.tencent.com/npm/commander set size:undefined disposed:false
33 http fetch GET 200 https://mirrors.tencent.com/npm/ora 413ms (cache miss)
34 silly packumentCache full:https://mirrors.tencent.com/npm/ora set size:undefined disposed:false
35 silly fetch manifest @types/node@>=18
36 silly packumentCache full:https://mirrors.tencent.com/npm/@types%2fnode cache-miss
37 http fetch GET 200 https://mirrors.tencent.com/npm/@types%2fnode 1845ms (cache miss)
38 silly packumentCache full:https://mirrors.tencent.com/npm/@types%2fnode set size:undefined disposed:false
39 silly placeDep node_modules/openskills @inquirer/prompts@7.10.1 OK for: openskills@1.2.1 want: ^7.9.0
40 silly placeDep node_modules/openskills chalk@5.6.2 OK for: openskills@1.2.1 want: ^5.6.2
41 silly placeDep node_modules/openskills commander@12.1.0 OK for: openskills@1.2.1 want: ^12.1.0
42 silly placeDep node_modules/openskills ora@9.0.0 OK for: openskills@1.2.1 want: ^9.0.0
43 silly fetch manifest @inquirer/checkbox@^4.3.2
44 silly packumentCache full:https://mirrors.tencent.com/npm/@inquirer%2fcheckbox cache-miss
45 silly fetch manifest @inquirer/confirm@^5.1.21
46 silly packumentCache full:https://mirrors.tencent.com/npm/@inquirer%2fconfirm cache-miss
47 silly fetch manifest @inquirer/editor@^4.2.23
48 silly packumentCache full:https://mirrors.tencent.com/npm/@inquirer%2feditor cache-miss
49 silly fetch manifest @inquirer/expand@^4.0.23
50 silly packumentCache full:https://mirrors.tencent.com/npm/@inquirer%2fexpand cache-miss
51 silly fetch manifest @inquirer/input@^4.3.1
52 silly packumentCache full:https://mirrors.tencent.com/npm/@inquirer%2finput cache-miss
53 silly fetch manifest @inquirer/number@^3.0.23
54 silly packumentCache full:https://mirrors.tencent.com/npm/@inquirer%2fnumber cache-miss
55 silly fetch manifest @inquirer/password@^4.0.23
56 silly packumentCache full:https://mirrors.tencent.com/npm/@inquirer%2fpassword cache-miss
57 silly fetch manifest @inquirer/rawlist@^4.1.11
58 silly packumentCache full:https://mirrors.tencent.com/npm/@inquirer%2frawlist cache-miss
59 silly fetch manifest @inquirer/search@^3.2.2
60 silly packumentCache full:https://mirrors.tencent.com/npm/@inquirer%2fsearch cache-miss
61 silly fetch manifest @inquirer/select@^4.4.2
62 silly packumentCache full:https://mirrors.tencent.com/npm/@inquirer%2fselect cache-miss
63 silly fetch manifest cli-cursor@^5.0.0
64 silly packumentCache full:https://mirrors.tencent.com/npm/cli-cursor cache-miss
65 silly fetch manifest strip-ansi@^7.1.2
66 silly packumentCache full:https://mirrors.tencent.com/npm/strip-ansi cache-miss
67 silly fetch manifest log-symbols@^7.0.1
68 silly packumentCache full:https://mirrors.tencent.com/npm/log-symbols cache-miss
69 silly fetch manifest cli-spinners@^3.2.0
70 silly packumentCache full:https://mirrors.tencent.com/npm/cli-spinners cache-miss
71 silly fetch manifest string-width@^8.1.0
72 silly packumentCache full:https://mirrors.tencent.com/npm/string-width cache-miss
73 http fetch GET 200 https://mirrors.tencent.com/npm/cli-cursor 272ms (cache miss)
74 silly packumentCache full:https://mirrors.tencent.com/npm/cli-cursor set size:undefined disposed:false
75 silly fetch manifest is-interactive@^2.0.0
76 silly packumentCache full:https://mirrors.tencent.com/npm/is-interactive cache-miss
77 http fetch GET 200 https://mirrors.tencent.com/npm/strip-ansi 324ms (cache miss)
78 silly packumentCache full:https://mirrors.tencent.com/npm/strip-ansi set size:undefined disposed:false
79 silly fetch manifest stdin-discarder@^0.2.2
80 silly packumentCache full:https://mirrors.tencent.com/npm/stdin-discarder cache-miss
81 http fetch GET 200 https://mirrors.tencent.com/npm/@inquirer%2fnumber 354ms (cache miss)
82 silly packumentCache full:https://mirrors.tencent.com/npm/@inquirer%2fnumber set size:undefined disposed:false
83 silly fetch manifest is-unicode-supported@^2.1.0
84 silly packumentCache full:https://mirrors.tencent.com/npm/is-unicode-supported cache-miss
85 http fetch GET 200 https://mirrors.tencent.com/npm/@inquirer%2fconfirm 376ms (cache miss)
86 silly packumentCache full:https://mirrors.tencent.com/npm/@inquirer%2fconfirm set size:undefined disposed:false
87 http fetch GET 200 https://mirrors.tencent.com/npm/@inquirer%2feditor 386ms (cache miss)
88 silly packumentCache full:https://mirrors.tencent.com/npm/@inquirer%2feditor set size:undefined disposed:false
89 http fetch GET 200 https://mirrors.tencent.com/npm/@inquirer%2fexpand 399ms (cache miss)
90 silly packumentCache full:https://mirrors.tencent.com/npm/@inquirer%2fexpand set size:undefined disposed:false
91 http fetch GET 200 https://mirrors.tencent.com/npm/log-symbols 401ms (cache miss)
92 silly packumentCache full:https://mirrors.tencent.com/npm/log-symbols set size:undefined disposed:false
93 http fetch GET 200 https://mirrors.tencent.com/npm/string-width 404ms (cache miss)
94 silly packumentCache full:https://mirrors.tencent.com/npm/string-width set size:undefined disposed:false
95 http fetch GET 200 https://mirrors.tencent.com/npm/cli-spinners 432ms (cache miss)
96 silly packumentCache full:https://mirrors.tencent.com/npm/cli-spinners set size:undefined disposed:false
97 http fetch GET 200 https://mirrors.tencent.com/npm/@inquirer%2fcheckbox 478ms (cache miss)
98 silly packumentCache full:https://mirrors.tencent.com/npm/@inquirer%2fcheckbox set size:undefined disposed:false
99 http fetch GET 200 https://mirrors.tencent.com/npm/@inquirer%2fpassword 502ms (cache miss)
100 silly packumentCache full:https://mirrors.tencent.com/npm/@inquirer%2fpassword set size:undefined disposed:false
101 http fetch GET 200 https://mirrors.tencent.com/npm/is-interactive 241ms (cache miss)
102 silly packumentCache full:https://mirrors.tencent.com/npm/is-interactive set size:undefined disposed:false
103 http fetch GET 200 https://mirrors.tencent.com/npm/@inquirer%2fselect 516ms (cache miss)
104 silly packumentCache full:https://mirrors.tencent.com/npm/@inquirer%2fselect set size:undefined disposed:false
105 http fetch GET 200 https://mirrors.tencent.com/npm/@inquirer%2frawlist 525ms (cache miss)
106 silly packumentCache full:https://mirrors.tencent.com/npm/@inquirer%2frawlist set size:undefined disposed:false
107 http fetch GET 200 https://mirrors.tencent.com/npm/@inquirer%2fsearch 548ms (cache miss)
108 silly packumentCache full:https://mirrors.tencent.com/npm/@inquirer%2fsearch set size:undefined disposed:false
109 http fetch GET 200 https://mirrors.tencent.com/npm/@inquirer%2finput 552ms (cache miss)
110 silly packumentCache full:https://mirrors.tencent.com/npm/@inquirer%2finput set size:undefined disposed:false
111 http fetch GET 200 https://mirrors.tencent.com/npm/is-unicode-supported 278ms (cache miss)
112 silly packumentCache full:https://mirrors.tencent.com/npm/is-unicode-supported set size:undefined disposed:false
113 http fetch GET 200 https://mirrors.tencent.com/npm/stdin-discarder 308ms (cache miss)
114 silly packumentCache full:https://mirrors.tencent.com/npm/stdin-discarder set size:undefined disposed:false
115 silly placeDep node_modules/openskills @inquirer/checkbox@4.3.2 OK for: @inquirer/prompts@7.10.1 want: ^4.3.2
116 silly placeDep node_modules/openskills @inquirer/confirm@5.1.21 OK for: @inquirer/prompts@7.10.1 want: ^5.1.21
117 silly placeDep node_modules/openskills @inquirer/editor@4.2.23 OK for: @inquirer/prompts@7.10.1 want: ^4.2.23
118 silly placeDep node_modules/openskills @inquirer/expand@4.0.23 OK for: @inquirer/prompts@7.10.1 want: ^4.0.23
119 silly placeDep node_modules/openskills @inquirer/input@4.3.1 OK for: @inquirer/prompts@7.10.1 want: ^4.3.1
