0 verbose cli /usr/local/Cellar/node/25.2.1/bin/node /usr/local/lib/node_modules/npm/bin/npm-cli.js
1 info using npm@11.6.2
2 info using node@v25.2.1
3 silly config load:file:/usr/local/lib/node_modules/npm/npmrc
4 silly config load:file:/Users/admin/.npmrc
5 silly config load:file:/usr/local/etc/npmrc
6 verbose title npm exec @modelcontextprotocol/server-sequential-thinking
7 verbose argv "exec" "--yes" "--" "@modelcontextprotocol/server-sequential-thinking"
8 verbose logfile logs-max:10 dir:/Users/admin/Documents/trae_projects/search_market_intelligence/.npm-cache/_logs/2025-12-10T03_27_56_306Z-
9 verbose logfile /Users/admin/Documents/trae_projects/search_market_intelligence/.npm-cache/_logs/2025-12-10T03_27_56_306Z-debug-0.log
10 silly logfile done cleaning log files
11 silly packumentCache heap:4496293888 maxSize:1124073472 maxEntrySize:562036736
12 http fetch GET 200 https://mirrors.tencent.com/npm/@modelcontextprotocol%2fserver-sequential-thinking 406ms (cache miss)
13 silly packumentCache heap:4496293888 maxSize:1124073472 maxEntrySize:562036736
14 silly packumentCache heap:4496293888 maxSize:1124073472 maxEntrySize:562036736
15 silly idealTree buildDeps
16 silly fetch manifest @modelcontextprotocol/server-sequential-thinking@2025.11.25
17 silly packumentCache full:https://mirrors.tencent.com/npm/@modelcontextprotocol%2fserver-sequential-thinking cache-miss
18 http fetch GET 200 https://mirrors.tencent.com/npm/@modelcontextprotocol%2fserver-sequential-thinking 342ms (cache miss)
19 silly packumentCache full:https://mirrors.tencent.com/npm/@modelcontextprotocol%2fserver-sequential-thinking set size:undefined disposed:false
20 silly placeDep ROOT @modelcontextprotocol/server-sequential-thinking@2025.11.25 OK for:  want: 2025.11.25
21 silly fetch manifest @modelcontextprotocol/sdk@^1.19.1
22 silly packumentCache full:https://mirrors.tencent.com/npm/@modelcontextprotocol%2fsdk cache-miss
23 silly fetch manifest chalk@^5.3.0
24 silly packumentCache full:https://mirrors.tencent.com/npm/chalk cache-miss
25 silly fetch manifest yargs@^17.7.2
26 silly packumentCache full:https://mirrors.tencent.com/npm/yargs cache-miss
27 http cache https://mirrors.tencent.com/npm/@modelcontextprotocol%2fsdk 12ms (cache hit)
28 silly packumentCache full:https://mirrors.tencent.com/npm/@modelcontextprotocol%2fsdk set size:339257 disposed:false
29 http fetch GET 200 https://mirrors.tencent.com/npm/yargs 329ms (cache miss)
30 silly packumentCache full:https://mirrors.tencent.com/npm/yargs set size:undefined disposed:false
31 http fetch GET 200 https://mirrors.tencent.com/npm/chalk 353ms (cache updated)
32 silly packumentCache full:https://mirrors.tencent.com/npm/chalk set size:undefined disposed:false
33 silly fetch manifest @cfworker/json-schema@^4.1.1
34 silly packumentCache full:https://mirrors.tencent.com/npm/@cfworker%2fjson-schema cache-miss
35 http cache https://mirrors.tencent.com/npm/@cfworker%2fjson-schema 4ms (cache hit)
36 silly packumentCache full:https://mirrors.tencent.com/npm/@cfworker%2fjson-schema set size:183783 disposed:false
37 silly placeDep ROOT @modelcontextprotocol/sdk@1.24.3 OK for: @modelcontextprotocol/server-sequential-thinking@2025.11.25 want: ^1.19.1
38 silly placeDep ROOT chalk@5.6.2 OK for: @modelcontextprotocol/server-sequential-thinking@2025.11.25 want: ^5.3.0
39 silly placeDep ROOT yargs@17.7.2 OK for: @modelcontextprotocol/server-sequential-thinking@2025.11.25 want: ^17.7.2
40 silly fetch manifest ajv@^8.17.1
41 silly packumentCache full:https://mirrors.tencent.com/npm/ajv cache-miss
42 silly fetch manifest ajv-formats@^3.0.1
43 silly packumentCache full:https://mirrors.tencent.com/npm/ajv-formats cache-miss
44 silly fetch manifest content-type@^1.0.5
45 silly packumentCache full:https://mirrors.tencent.com/npm/content-type cache-miss
46 silly fetch manifest cors@^2.8.5
47 silly packumentCache full:https://mirrors.tencent.com/npm/cors cache-miss
48 silly fetch manifest cross-spawn@^7.0.5
49 silly packumentCache full:https://mirrors.tencent.com/npm/cross-spawn cache-miss
50 silly fetch manifest eventsource@^3.0.2
51 silly packumentCache full:https://mirrors.tencent.com/npm/eventsource cache-miss
52 silly fetch manifest eventsource-parser@^3.0.0
53 silly packumentCache full:https://mirrors.tencent.com/npm/eventsource-parser cache-miss
54 silly fetch manifest express@^5.0.1
55 silly packumentCache full:https://mirrors.tencent.com/npm/express cache-miss
56 silly fetch manifest express-rate-limit@^7.5.0
57 silly packumentCache full:https://mirrors.tencent.com/npm/express-rate-limit cache-miss
58 silly fetch manifest jose@^6.1.1
59 silly packumentCache full:https://mirrors.tencent.com/npm/jose cache-miss
60 silly fetch manifest pkce-challenge@^5.0.0
61 silly packumentCache full:https://mirrors.tencent.com/npm/pkce-challenge cache-miss
62 silly fetch manifest raw-body@^3.0.0
63 silly packumentCache full:https://mirrors.tencent.com/npm/raw-body cache-miss
64 silly fetch manifest zod@^3.25 || ^4.0
65 silly packumentCache full:https://mirrors.tencent.com/npm/zod cache-miss
66 silly fetch manifest zod-to-json-schema@^3.25.0
67 silly packumentCache full:https://mirrors.tencent.com/npm/zod-to-json-schema cache-miss
68 silly fetch manifest y18n@^5.0.5
69 silly packumentCache full:https://mirrors.tencent.com/npm/y18n cache-miss
70 http cache https://mirrors.tencent.com/npm/ajv-formats 31ms (cache hit)
71 silly packumentCache full:https://mirrors.tencent.com/npm/ajv-formats set size:150972 disposed:false
72 silly fetch manifest cliui@^8.0.1
73 silly packumentCache full:https://mirrors.tencent.com/npm/cliui cache-miss
74 http cache https://mirrors.tencent.com/npm/eventsource-parser 32ms (cache hit)
75 silly packumentCache full:https://mirrors.tencent.com/npm/eventsource-parser set size:89606 disposed:false
76 silly fetch manifest escalade@^3.1.1
77 silly packumentCache full:https://mirrors.tencent.com/npm/escalade cache-miss
78 http cache https://mirrors.tencent.com/npm/content-type 37ms (cache hit)
79 silly packumentCache full:https://mirrors.tencent.com/npm/content-type set size:21323 disposed:false
80 silly fetch manifest string-width@^4.2.3
81 silly packumentCache full:https://mirrors.tencent.com/npm/string-width cache-miss
82 http cache https://mirrors.tencent.com/npm/eventsource 38ms (cache hit)
83 silly packumentCache full:https://mirrors.tencent.com/npm/eventsource set size:177396 disposed:false
84 silly fetch manifest yargs-parser@^21.1.1
85 silly packumentCache full:https://mirrors.tencent.com/npm/yargs-parser cache-miss
86 http cache https://mirrors.tencent.com/npm/cors 45ms (cache hit)
87 silly packumentCache full:https://mirrors.tencent.com/npm/cors set size:93732 disposed:false
88 silly fetch manifest get-caller-file@^2.0.5
89 silly packumentCache full:https://mirrors.tencent.com/npm/get-caller-file cache-miss
90 http cache https://mirrors.tencent.com/npm/ajv 53ms (cache hit)
91 silly packumentCache full:https://mirrors.tencent.com/npm/ajv set size:1503371 disposed:false
92 silly fetch manifest require-directory@^2.1.1
93 silly packumentCache full:https://mirrors.tencent.com/npm/require-directory cache-miss
94 http cache https://mirrors.tencent.com/npm/pkce-challenge 62ms (cache hit)
95 silly packumentCache full:https://mirrors.tencent.com/npm/pkce-challenge set size:43258 disposed:false
96 http cache https://mirrors.tencent.com/npm/express-rate-limit 65ms (cache hit)
97 silly packumentCache full:https://mirrors.tencent.com/npm/express-rate-limit set size:531660 disposed:false
98 http cache https://mirrors.tencent.com/npm/cross-spawn 77ms (cache hit)
99 silly packumentCache full:https://mirrors.tencent.com/npm/cross-spawn set size:153158 disposed:false
100 http cache https://mirrors.tencent.com/npm/raw-body 76ms (cache hit)
101 silly packumentCache full:https://mirrors.tencent.com/npm/raw-body set size:154662 disposed:false
102 http cache https://mirrors.tencent.com/npm/jose 83ms (cache hit)
103 silly packumentCache full:https://mirrors.tencent.com/npm/jose set size:1881286 disposed:false
104 http cache https://mirrors.tencent.com/npm/express 114ms (cache hit)
105 silly packumentCache full:https://mirrors.tencent.com/npm/express set size:1112270 disposed:false
106 http cache https://mirrors.tencent.com/npm/zod 134ms (cache hit)
107 silly packumentCache full:https://mirrors.tencent.com/npm/zod set size:4480695 disposed:false
108 http cache https://mirrors.tencent.com/npm/zod-to-json-schema 178ms (cache hit)
109 silly packumentCache full:https://mirrors.tencent.com/npm/zod-to-json-schema set size:388645 disposed:false
110 http fetch GET 200 https://mirrors.tencent.com/npm/cliui 310ms (cache miss)
111 silly packumentCache full:https://mirrors.tencent.com/npm/cliui set size:undefined disposed:false
112 http fetch GET 200 https://mirrors.tencent.com/npm/get-caller-file 406ms (cache miss)
113 silly packumentCache full:https://mirrors.tencent.com/npm/get-caller-file set size:undefined disposed:false
114 http fetch GET 200 https://mirrors.tencent.com/npm/require-directory 422ms (cache miss)
115 silly packumentCache full:https://mirrors.tencent.com/npm/require-directory set size:undefined disposed:false
116 http fetch GET 200 https://mirrors.tencent.com/npm/string-width 463ms (cache updated)
117 silly packumentCache full:https://mirrors.tencent.com/npm/string-width set size:undefined disposed:false
118 http fetch GET 200 https://mirrors.tencent.com/npm/y18n 501ms (cache miss)
119 silly packumentCache full:https://mirrors.tencent.com/npm/y18n set size:undefined disposed:false
120 http fetch GET 200 https://mirrors.tencent.com/npm/yargs-parser 473ms (cache miss)
121 silly packumentCache full:https://mirrors.tencent.com/npm/yargs-parser set size:undefined disposed:false
122 http fetch GET 200 https://mirrors.tencent.com/npm/escalade 488ms (cache miss)
123 silly packumentCache full:https://mirrors.tencent.com/npm/escalade set size:undefined disposed:false
124 silly placeDep ROOT ajv@8.17.1 OK for: @modelcontextprotocol/sdk@1.24.3 want: ^8.17.1
125 silly placeDep ROOT ajv-formats@3.0.1 OK for: @modelcontextprotocol/sdk@1.24.3 want: ^3.0.1
126 silly placeDep ROOT content-type@1.0.5 OK for: @modelcontextprotocol/sdk@1.24.3 want: ^1.0.5
127 silly placeDep ROOT cors@2.8.5 OK for: @modelcontextprotocol/sdk@1.24.3 want: ^2.8.5
128 silly placeDep ROOT cross-spawn@7.0.6 OK for: @modelcontextprotocol/sdk@1.24.3 want: ^7.0.5
129 silly placeDep ROOT eventsource@3.0.7 OK for: @modelcontextprotocol/sdk@1.24.3 want: ^3.0.2
130 silly placeDep ROOT eventsource-parser@3.0.6 OK for: @modelcontextprotocol/sdk@1.24.3 want: ^3.0.0
131 silly placeDep ROOT express@5.2.1 OK for: @modelcontextprotocol/sdk@1.24.3 want: ^5.0.1
132 silly placeDep ROOT express-rate-limit@7.5.1 OK for: @modelcontextprotocol/sdk@1.24.3 want: ^7.5.0
133 silly placeDep ROOT jose@6.1.3 OK for: @modelcontextprotocol/sdk@1.24.3 want: ^6.1.1
134 silly placeDep ROOT pkce-challenge@5.0.1 OK for: @modelcontextprotocol/sdk@1.24.3 want: ^5.0.0
135 silly placeDep ROOT raw-body@3.0.2 OK for: @modelcontextprotocol/sdk@1.24.3 want: ^3.0.0
136 silly placeDep ROOT zod@4.1.13 OK for: @modelcontextprotocol/sdk@1.24.3 want: ^3.25 || ^4.0
137 silly placeDep ROOT zod-to-json-schema@3.25.0 OK for: @modelcontextprotocol/sdk@1.24.3 want: ^3.25.0
138 silly fetch manifest fast-uri@^3.0.1
139 silly packumentCache full:https://mirrors.tencent.com/npm/fast-uri cache-miss
140 silly fetch manifest fast-deep-equal@^3.1.3
141 silly packumentCache full:https://mirrors.tencent.com/npm/fast-deep-equal cache-miss
142 silly fetch manifest require-from-string@^2.0.2
143 silly packumentCache full:https://mirrors.tencent.com/npm/require-from-string cache-miss
144 silly fetch manifest json-schema-traverse@^1.0.0
145 silly packumentCache full:https://mirrors.tencent.com/npm/json-schema-traverse cache-miss
146 silly fetch manifest vary@^1
147 silly packumentCache full:https://mirrors.tencent.com/npm/vary cache-miss
148 silly fetch manifest object-assign@^4
149 silly packumentCache full:https://mirrors.tencent.com/npm/object-assign cache-miss
150 silly fetch manifest which@^2.0.1
151 silly packumentCache full:https://mirrors.tencent.com/npm/which cache-miss
152 silly fetch manifest path-key@^3.1.0
153 silly packumentCache full:https://mirrors.tencent.com/npm/path-key cache-miss
154 silly fetch manifest shebang-command@^2.0.0
155 silly packumentCache full:https://mirrors.tencent.com/npm/shebang-command cache-miss
156 silly fetch manifest eventsource-parser@^3.0.1
157 silly packumentCache full:https://mirrors.tencent.com/npm/eventsource-parser cache-hit
158 silly fetch manifest qs@^6.14.0
159 silly packumentCache full:https://mirrors.tencent.com/npm/qs cache-miss
160 silly fetch manifest depd@^2.0.0
161 silly packumentCache full:https://mirrors.tencent.com/npm/depd cache-miss
162 silly fetch manifest etag@^1.8.1
163 silly packumentCache full:https://mirrors.tencent.com/npm/etag cache-miss
164 silly fetch manifest once@^1.4.0
165 silly packumentCache full:https://mirrors.tencent.com/npm/once cache-miss
166 silly fetch manifest send@^1.1.0
167 silly packumentCache full:https://mirrors.tencent.com/npm/send cache-miss
168 silly fetch manifest vary@^1.1.2
169 silly packumentCache full:https://mirrors.tencent.com/npm/vary cache-miss
170 http cache https://mirrors.tencent.com/npm/vary 24ms (cache hit)
171 silly packumentCache full:https://mirrors.tencent.com/npm/vary set size:20419 disposed:false
172 silly fetch manifest debug@^4.4.0
173 silly packumentCache full:https://mirrors.tencent.com/npm/debug cache-miss
174 http cache https://mirrors.tencent.com/npm/fast-deep-equal 28ms (cache hit)
175 silly packumentCache full:https://mirrors.tencent.com/npm/fast-deep-equal set size:52476 disposed:false
176 silly fetch manifest fresh@^2.0.0
177 silly packumentCache full:https://mirrors.tencent.com/npm/fresh cache-miss
178 http cache https://mirrors.tencent.com/npm/fast-uri 30ms (cache hit)
179 silly packumentCache full:https://mirrors.tencent.com/npm/fast-uri set size:78314 disposed:false
180 silly fetch manifest cookie@^0.7.1
181 silly packumentCache full:https://mirrors.tencent.com/npm/cookie cache-miss
182 http cache https://mirrors.tencent.com/npm/json-schema-traverse 32ms (cache hit)
183 silly packumentCache full:https://mirrors.tencent.com/npm/json-schema-traverse set size:29513 disposed:false
184 silly fetch manifest router@^2.2.0
185 silly packumentCache full:https://mirrors.tencent.com/npm/router cache-miss
186 http cache https://mirrors.tencent.com/npm/path-key 31ms (cache hit)
187 silly packumentCache full:https://mirrors.tencent.com/npm/path-key set size:21371 disposed:false
188 silly fetch manifest accepts@^2.0.0
189 silly packumentCache full:https://mirrors.tencent.com/npm/accepts cache-miss
190 http cache https://mirrors.tencent.com/npm/require-from-string 35ms (cache hit)
191 silly packumentCache full:https://mirrors.tencent.com/npm/require-from-string set size:19948 disposed:false
192 silly fetch manifest type-is@^2.0.1
193 silly packumentCache full:https://mirrors.tencent.com/npm/type-is cache-miss
194 http cache https://mirrors.tencent.com/npm/etag 33ms (cache hit)
195 silly packumentCache full:https://mirrors.tencent.com/npm/etag set size:39154 disposed:false
196 silly fetch manifest parseurl@^1.3.3
197 silly packumentCache full:https://mirrors.tencent.com/npm/parseurl cache-miss
198 http cache https://mirrors.tencent.com/npm/which 38ms (cache hit)
199 silly packumentCache full:https://mirrors.tencent.com/npm/which set size:88217 disposed:false
200 silly fetch manifest statuses@^2.0.1
201 silly packumentCache full:https://mirrors.tencent.com/npm/statuses cache-miss
202 http cache https://mirrors.tencent.com/npm/shebang-command 41ms (cache hit)
203 silly packumentCache full:https://mirrors.tencent.com/npm/shebang-command set size:10840 disposed:false
204 silly fetch manifest encodeurl@^2.0.0
205 silly packumentCache full:https://mirrors.tencent.com/npm/encodeurl cache-miss
206 http cache https://mirrors.tencent.com/npm/object-assign 45ms (cache hit)
207 silly packumentCache full:https://mirrors.tencent.com/npm/object-assign set size:38946 disposed:false
208 silly fetch manifest mime-types@^3.0.0
209 silly packumentCache full:https://mirrors.tencent.com/npm/mime-types cache-miss
210 http cache https://mirrors.tencent.com/npm/depd 44ms (cache hit)
211 silly packumentCache full:https://mirrors.tencent.com/npm/depd set size:50108 disposed:false
212 silly fetch manifest proxy-addr@^2.0.7
213 silly packumentCache full:https://mirrors.tencent.com/npm/proxy-addr cache-miss
214 http cache https://mirrors.tencent.com/npm/send 47ms (cache hit)
215 silly packumentCache full:https://mirrors.tencent.com/npm/send set size:202516 disposed:false
216 silly fetch manifest body-parser@^2.2.1
217 silly packumentCache full:https://mirrors.tencent.com/npm/body-parser cache-miss
218 http cache https://mirrors.tencent.com/npm/qs 55ms (cache hit)
219 silly packumentCache full:https://mirrors.tencent.com/npm/qs set size:348608 disposed:false
220 silly fetch manifest escape-html@^1.0.3
221 silly packumentCache full:https://mirrors.tencent.com/npm/escape-html cache-miss
222 http cache https://mirrors.tencent.com/npm/once 62ms (cache hit)
223 silly packumentCache full:https://mirrors.tencent.com/npm/once set size:14857 disposed:false
224 silly fetch manifest http-errors@^2.0.0
225 silly packumentCache full:https://mirrors.tencent.com/npm/http-errors cache-miss
226 http cache https://mirrors.tencent.com/npm/vary 62ms (cache hit)
227 silly packumentCache full:https://mirrors.tencent.com/npm/vary set size:20419 disposed:false
228 silly packumentCache full:https://mirrors.tencent.com/npm/vary dispose
229 silly fetch manifest on-finished@^2.4.1
230 silly packumentCache full:https://mirrors.tencent.com/npm/on-finished cache-miss
231 http cache https://mirrors.tencent.com/npm/cookie 64ms (cache hit)
232 silly packumentCache full:https://mirrors.tencent.com/npm/cookie set size:93987 disposed:false
233 silly fetch manifest finalhandler@^2.1.0
234 silly packumentCache full:https://mirrors.tencent.com/npm/finalhandler cache-miss
235 http cache https://mirrors.tencent.com/npm/fresh 72ms (cache hit)
236 silly packumentCache full:https://mirrors.tencent.com/npm/fresh set size:34480 disposed:false
237 silly fetch manifest range-parser@^1.2.1
238 silly packumentCache full:https://mirrors.tencent.com/npm/range-parser cache-miss
239 http cache https://mirrors.tencent.com/npm/statuses 59ms (cache hit)
240 silly packumentCache full:https://mirrors.tencent.com/npm/statuses set size:48683 disposed:false
241 silly fetch manifest serve-static@^2.2.0
242 silly packumentCache full:https://mirrors.tencent.com/npm/serve-static cache-miss
243 http cache https://mirrors.tencent.com/npm/parseurl 67ms (cache hit)
244 silly packumentCache full:https://mirrors.tencent.com/npm/parseurl set size:30723 disposed:false
245 silly fetch manifest cookie-signature@^1.2.1
246 silly packumentCache full:https://mirrors.tencent.com/npm/cookie-signature cache-miss
247 http cache https://mirrors.tencent.com/npm/debug 80ms (cache hit)
248 silly packumentCache full:https://mirrors.tencent.com/npm/debug set size:249000 disposed:false
249 silly fetch manifest merge-descriptors@^2.0.0
250 silly packumentCache full:https://mirrors.tencent.com/npm/merge-descriptors cache-miss
251 http cache https://mirrors.tencent.com/npm/type-is 77ms (cache hit)
252 silly packumentCache full:https://mirrors.tencent.com/npm/type-is set size:118641 disposed:false
253 silly fetch manifest content-disposition@^1.0.0
254 silly packumentCache full:https://mirrors.tencent.com/npm/content-disposition cache-miss
255 http cache https://mirrors.tencent.com/npm/router 84ms (cache hit)
256 silly packumentCache full:https://mirrors.tencent.com/npm/router set size:155999 disposed:false
257 silly fetch manifest bytes@~3.1.2
258 silly packumentCache full:https://mirrors.tencent.com/npm/bytes cache-miss
259 http cache https://mirrors.tencent.com/npm/accepts 87ms (cache hit)
260 silly packumentCache full:https://mirrors.tencent.com/npm/accepts set size:108696 disposed:false
261 silly fetch manifest http-errors@~2.0.1
262 silly packumentCache full:https://mirrors.tencent.com/npm/http-errors cache-miss
263 http cache https://mirrors.tencent.com/npm/proxy-addr 73ms (cache hit)
264 silly packumentCache full:https://mirrors.tencent.com/npm/proxy-addr set size:82980 disposed:false
265 silly fetch manifest iconv-lite@~0.7.0
266 silly packumentCache full:https://mirrors.tencent.com/npm/iconv-lite cache-miss
267 http cache https://mirrors.tencent.com/npm/encodeurl 82ms (cache hit)
268 silly packumentCache full:https://mirrors.tencent.com/npm/encodeurl set size:14565 disposed:false
269 silly fetch manifest unpipe@~1.0.0
270 silly packumentCache full:https://mirrors.tencent.com/npm/unpipe cache-miss
271 http cache https://mirrors.tencent.com/npm/body-parser 74ms (cache hit)
272 silly packumentCache full:https://mirrors.tencent.com/npm/body-parser set size:276360 disposed:false
273 http cache https://mirrors.tencent.com/npm/escape-html 69ms (cache hit)
274 silly packumentCache full:https://mirrors.tencent.com/npm/escape-html set size:8700 disposed:false
275 http cache https://mirrors.tencent.com/npm/mime-types 89ms (cache hit)
276 silly packumentCache full:https://mirrors.tencent.com/npm/mime-types set size:186963 disposed:false
277 http cache https://mirrors.tencent.com/npm/http-errors 73ms (cache hit)
278 silly packumentCache full:https://mirrors.tencent.com/npm/http-errors set size:95439 disposed:false
279 http cache https://mirrors.tencent.com/npm/on-finished 73ms (cache hit)
280 silly packumentCache full:https://mirrors.tencent.com/npm/on-finished set size:27949 disposed:false
281 http cache https://mirrors.tencent.com/npm/serve-static 54ms (cache hit)
282 silly packumentCache full:https://mirrors.tencent.com/npm/serve-static set size:197444 disposed:false
283 http cache https://mirrors.tencent.com/npm/merge-descriptors 49ms (cache hit)
284 silly packumentCache full:https://mirrors.tencent.com/npm/merge-descriptors set size:22080 disposed:false
285 http cache https://mirrors.tencent.com/npm/finalhandler 65ms (cache hit)
286 silly packumentCache full:https://mirrors.tencent.com/npm/finalhandler set size:106801 disposed:false
287 http cache https://mirrors.tencent.com/npm/bytes 45ms (cache hit)
288 silly packumentCache full:https://mirrors.tencent.com/npm/bytes set size:48669 disposed:false
289 http cache https://mirrors.tencent.com/npm/content-disposition 52ms (cache hit)
290 silly packumentCache full:https://mirrors.tencent.com/npm/content-disposition set size:43405 disposed:false
291 http cache https://mirrors.tencent.com/npm/range-parser 68ms (cache hit)
292 silly packumentCache full:https://mirrors.tencent.com/npm/range-parser set size:28657 disposed:false
293 http cache https://mirrors.tencent.com/npm/iconv-lite 46ms (cache hit)
294 silly packumentCache full:https://mirrors.tencent.com/npm/iconv-lite set size:165370 disposed:false
295 http cache https://mirrors.tencent.com/npm/cookie-signature 70ms (cache hit)
296 silly packumentCache full:https://mirrors.tencent.com/npm/cookie-signature set size:28538 disposed:false
297 http cache https://mirrors.tencent.com/npm/unpipe 49ms (cache hit)
298 silly packumentCache full:https://mirrors.tencent.com/npm/unpipe set size:3771 disposed:false
299 http cache https://mirrors.tencent.com/npm/http-errors 55ms (cache hit)
300 silly packumentCache full:https://mirrors.tencent.com/npm/http-errors set size:95439 disposed:false
301 silly packumentCache full:https://mirrors.tencent.com/npm/http-errors dispose
302 silly placeDep ROOT fast-deep-equal@3.1.3 OK for: ajv@8.17.1 want: ^3.1.3
303 silly placeDep ROOT fast-uri@3.1.0 OK for: ajv@8.17.1 want: ^3.0.1
304 silly placeDep ROOT json-schema-traverse@1.0.0 OK for: ajv@8.17.1 want: ^1.0.0
305 silly placeDep ROOT require-from-string@2.0.2 OK for: ajv@8.17.1 want: ^2.0.2
306 silly placeDep ROOT object-assign@4.1.1 OK for: cors@2.8.5 want: ^4
307 silly placeDep ROOT vary@1.1.2 OK for: cors@2.8.5 want: ^1
308 silly placeDep ROOT path-key@3.1.1 OK for: cross-spawn@7.0.6 want: ^3.1.0
309 silly placeDep ROOT shebang-command@2.0.0 OK for: cross-spawn@7.0.6 want: ^2.0.0
310 silly placeDep ROOT which@2.0.2 OK for: cross-spawn@7.0.6 want: ^2.0.1
311 silly fetch manifest shebang-regex@^3.0.0
312 silly packumentCache full:https://mirrors.tencent.com/npm/shebang-regex cache-miss
313 silly fetch manifest isexe@^2.0.0
314 silly packumentCache full:https://mirrors.tencent.com/npm/isexe cache-miss
315 http cache https://mirrors.tencent.com/npm/shebang-regex 6ms (cache hit)
316 silly packumentCache full:https://mirrors.tencent.com/npm/shebang-regex set size:11870 disposed:false
317 http cache https://mirrors.tencent.com/npm/isexe 6ms (cache hit)
318 silly packumentCache full:https://mirrors.tencent.com/npm/isexe set size:26474 disposed:false
319 silly placeDep ROOT accepts@2.0.0 OK for: express@5.2.1 want: ^2.0.0
320 silly placeDep ROOT body-parser@2.2.1 OK for: express@5.2.1 want: ^2.2.1
321 silly placeDep ROOT content-disposition@1.0.1 OK for: express@5.2.1 want: ^1.0.0
322 silly placeDep ROOT cookie@0.7.2 OK for: express@5.2.1 want: ^0.7.1
323 silly placeDep ROOT cookie-signature@1.2.2 OK for: express@5.2.1 want: ^1.2.1
324 silly placeDep ROOT debug@4.4.3 OK for: express@5.2.1 want: ^4.4.0
325 silly placeDep ROOT depd@2.0.0 OK for: express@5.2.1 want: ^2.0.0
326 silly placeDep ROOT encodeurl@2.0.0 OK for: express@5.2.1 want: ^2.0.0
327 silly placeDep ROOT escape-html@1.0.3 OK for: express@5.2.1 want: ^1.0.3
328 silly placeDep ROOT etag@1.8.1 OK for: express@5.2.1 want: ^1.8.1
329 silly placeDep ROOT finalhandler@2.1.1 OK for: express@5.2.1 want: ^2.1.0
330 silly placeDep ROOT fresh@2.0.0 OK for: express@5.2.1 want: ^2.0.0
331 silly placeDep ROOT http-errors@2.0.1 OK for: express@5.2.1 want: ^2.0.0
332 silly placeDep ROOT merge-descriptors@2.0.0 OK for: express@5.2.1 want: ^2.0.0
333 silly placeDep ROOT mime-types@3.0.2 OK for: express@5.2.1 want: ^3.0.0
334 silly placeDep ROOT on-finished@2.4.1 OK for: express@5.2.1 want: ^2.4.1
335 silly placeDep ROOT once@1.4.0 OK for: express@5.2.1 want: ^1.4.0
336 silly placeDep ROOT parseurl@1.3.3 OK for: express@5.2.1 want: ^1.3.3
337 silly placeDep ROOT proxy-addr@2.0.7 OK for: express@5.2.1 want: ^2.0.7
338 silly placeDep ROOT qs@6.14.0 OK for: express@5.2.1 want: ^6.14.0
339 silly placeDep ROOT range-parser@1.2.1 OK for: express@5.2.1 want: ^1.2.1
340 silly placeDep ROOT router@2.2.0 OK for: express@5.2.1 want: ^2.2.0
341 silly placeDep ROOT send@1.2.0 OK for: express@5.2.1 want: ^1.1.0
342 silly placeDep ROOT serve-static@2.2.0 OK for: express@5.2.1 want: ^2.2.0
343 silly placeDep ROOT statuses@2.0.2 OK for: express@5.2.1 want: ^2.0.1
344 silly placeDep ROOT type-is@2.0.1 OK for: express@5.2.1 want: ^2.0.1
345 silly fetch manifest negotiator@^1.0.0
346 silly packumentCache full:https://mirrors.tencent.com/npm/negotiator cache-miss
347 silly fetch manifest bytes@^3.1.2
348 silly packumentCache full:https://mirrors.tencent.com/npm/bytes cache-hit
349 silly fetch manifest debug@^4.4.3
350 silly packumentCache full:https://mirrors.tencent.com/npm/debug cache-hit
351 silly fetch manifest iconv-lite@^0.7.0
352 silly packumentCache full:https://mirrors.tencent.com/npm/iconv-lite cache-hit
353 silly fetch manifest ms@^2.1.3
354 silly packumentCache full:https://mirrors.tencent.com/npm/ms cache-miss
355 silly fetch manifest inherits@~2.0.4
356 silly packumentCache full:https://mirrors.tencent.com/npm/inherits cache-miss
357 silly fetch manifest setprototypeof@~1.2.0
358 silly packumentCache full:https://mirrors.tencent.com/npm/setprototypeof cache-miss
359 silly fetch manifest statuses@~2.0.2
360 silly packumentCache full:https://mirrors.tencent.com/npm/statuses cache-hit
361 silly fetch manifest toidentifier@~1.0.1
362 silly packumentCache full:https://mirrors.tencent.com/npm/toidentifier cache-miss
363 silly fetch manifest mime-db@^1.54.0
364 silly packumentCache full:https://mirrors.tencent.com/npm/mime-db cache-miss
365 silly fetch manifest ee-first@1.1.1
366 silly packumentCache full:https://mirrors.tencent.com/npm/ee-first cache-miss
367 silly fetch manifest wrappy@1
368 silly packumentCache full:https://mirrors.tencent.com/npm/wrappy cache-miss
369 silly fetch manifest forwarded@0.2.0
370 silly packumentCache full:https://mirrors.tencent.com/npm/forwarded cache-miss
371 silly fetch manifest ipaddr.js@1.9.1
372 silly packumentCache full:https://mirrors.tencent.com/npm/ipaddr.js cache-miss
373 silly fetch manifest side-channel@^1.1.0
374 silly packumentCache full:https://mirrors.tencent.com/npm/side-channel cache-miss
375 silly fetch manifest is-promise@^4.0.0
376 silly packumentCache full:https://mirrors.tencent.com/npm/is-promise cache-miss
377 silly fetch manifest path-to-regexp@^8.0.0
378 silly packumentCache full:https://mirrors.tencent.com/npm/path-to-regexp cache-miss
379 silly fetch manifest ms@^2.1.3
380 silly packumentCache full:https://mirrors.tencent.com/npm/ms cache-miss
381 silly fetch manifest media-typer@^1.1.0
382 silly packumentCache full:https://mirrors.tencent.com/npm/media-typer cache-miss
383 http cache https://mirrors.tencent.com/npm/toidentifier 28ms (cache hit)
384 silly packumentCache full:https://mirrors.tencent.com/npm/toidentifier set size:14439 disposed:false
385 http cache https://mirrors.tencent.com/npm/inherits 34ms (cache hit)
386 silly packumentCache full:https://mirrors.tencent.com/npm/inherits set size:15528 disposed:false
387 http cache https://mirrors.tencent.com/npm/negotiator 40ms (cache hit)
388 silly packumentCache full:https://mirrors.tencent.com/npm/negotiator set size:66924 disposed:false
389 http cache https://mirrors.tencent.com/npm/wrappy 32ms (cache hit)
390 silly packumentCache full:https://mirrors.tencent.com/npm/wrappy set size:8888 disposed:false
391 http cache https://mirrors.tencent.com/npm/ee-first 34ms (cache hit)
392 silly packumentCache full:https://mirrors.tencent.com/npm/ee-first set size:19234 disposed:false
393 http cache https://mirrors.tencent.com/npm/setprototypeof 41ms (cache hit)
394 silly packumentCache full:https://mirrors.tencent.com/npm/setprototypeof set size:18160 disposed:false
395 http cache https://mirrors.tencent.com/npm/ms 45ms (cache hit)
396 silly packumentCache full:https://mirrors.tencent.com/npm/ms set size:136257 disposed:false
397 http cache https://mirrors.tencent.com/npm/side-channel 40ms (cache hit)
398 silly packumentCache full:https://mirrors.tencent.com/npm/side-channel set size:31422 disposed:false
399 http cache https://mirrors.tencent.com/npm/forwarded 44ms (cache hit)
400 silly packumentCache full:https://mirrors.tencent.com/npm/forwarded set size:13573 disposed:false
401 http cache https://mirrors.tencent.com/npm/mime-db 48ms (cache hit)
402 silly packumentCache full:https://mirrors.tencent.com/npm/mime-db set size:223961 disposed:false
403 http cache https://mirrors.tencent.com/npm/path-to-regexp 49ms (cache hit)
404 silly packumentCache full:https://mirrors.tencent.com/npm/path-to-regexp set size:299398 disposed:false
405 http cache https://mirrors.tencent.com/npm/is-promise 61ms (cache hit)
406 silly packumentCache full:https://mirrors.tencent.com/npm/is-promise set size:23226 disposed:false
407 http cache https://mirrors.tencent.com/npm/ipaddr.js 65ms (cache hit)
408 silly packumentCache full:https://mirrors.tencent.com/npm/ipaddr.js set size:89915 disposed:false
409 http cache https://mirrors.tencent.com/npm/media-typer 63ms (cache hit)
410 silly packumentCache full:https://mirrors.tencent.com/npm/media-typer set size:25275 disposed:false
411 http cache https://mirrors.tencent.com/npm/ms 65ms (cache hit)
412 silly packumentCache full:https://mirrors.tencent.com/npm/ms set size:136257 disposed:false
413 silly packumentCache full:https://mirrors.tencent.com/npm/ms dispose
414 silly placeDep ROOT negotiator@1.0.0 OK for: accepts@2.0.0 want: ^1.0.0
415 silly placeDep ROOT bytes@3.1.2 OK for: body-parser@2.2.1 want: ^3.1.2
416 silly placeDep ROOT iconv-lite@0.7.0 OK for: body-parser@2.2.1 want: ^0.7.0
417 silly fetch manifest safer-buffer@>= 2.1.2 < 3.0.0
418 silly packumentCache full:https://mirrors.tencent.com/npm/safer-buffer cache-miss
419 http cache https://mirrors.tencent.com/npm/safer-buffer 4ms (cache hit)
420 silly packumentCache full:https://mirrors.tencent.com/npm/safer-buffer set size:21882 disposed:false
421 silly placeDep ROOT ms@2.1.3 OK for: debug@4.4.3 want: ^2.1.3
422 silly placeDep ROOT inherits@2.0.4 OK for: http-errors@2.0.1 want: ~2.0.4
423 silly placeDep ROOT setprototypeof@1.2.0 OK for: http-errors@2.0.1 want: ~1.2.0
424 silly placeDep ROOT toidentifier@1.0.1 OK for: http-errors@2.0.1 want: ~1.0.1
425 silly placeDep ROOT safer-buffer@2.1.2 OK for: iconv-lite@0.7.0 want: >= 2.1.2 < 3.0.0
426 silly placeDep ROOT mime-db@1.54.0 OK for: mime-types@3.0.2 want: ^1.54.0
427 silly placeDep ROOT ee-first@1.1.1 OK for: on-finished@2.4.1 want: 1.1.1
428 silly placeDep ROOT wrappy@1.0.2 OK for: once@1.4.0 want: 1
429 silly placeDep ROOT forwarded@0.2.0 OK for: proxy-addr@2.0.7 want: 0.2.0
430 silly placeDep ROOT ipaddr.js@1.9.1 OK for: proxy-addr@2.0.7 want: 1.9.1
431 silly placeDep ROOT side-channel@1.1.0 OK for: qs@6.14.0 want: ^1.1.0
432 silly fetch manifest es-errors@^1.3.0
433 silly packumentCache full:https://mirrors.tencent.com/npm/es-errors cache-miss
434 silly fetch manifest object-inspect@^1.13.3
435 silly packumentCache full:https://mirrors.tencent.com/npm/object-inspect cache-miss
436 silly fetch manifest side-channel-list@^1.0.0
437 silly packumentCache full:https://mirrors.tencent.com/npm/side-channel-list cache-miss
438 silly fetch manifest side-channel-map@^1.0.1
439 silly packumentCache full:https://mirrors.tencent.com/npm/side-channel-map cache-miss
440 silly fetch manifest side-channel-weakmap@^1.0.2
441 silly packumentCache full:https://mirrors.tencent.com/npm/side-channel-weakmap cache-miss
442 http cache https://mirrors.tencent.com/npm/side-channel-map 8ms (cache hit)
443 silly packumentCache full:https://mirrors.tencent.com/npm/side-channel-map set size:10914 disposed:false
444 http cache https://mirrors.tencent.com/npm/side-channel-list 10ms (cache hit)
445 silly packumentCache full:https://mirrors.tencent.com/npm/side-channel-list set size:6700 disposed:false
446 http cache https://mirrors.tencent.com/npm/es-errors 13ms (cache hit)
447 silly packumentCache full:https://mirrors.tencent.com/npm/es-errors set size:21873 disposed:false
448 http cache https://mirrors.tencent.com/npm/object-inspect 14ms (cache hit)
449 silly packumentCache full:https://mirrors.tencent.com/npm/object-inspect set size:139479 disposed:false
450 http cache https://mirrors.tencent.com/npm/side-channel-weakmap 15ms (cache hit)
451 silly packumentCache full:https://mirrors.tencent.com/npm/side-channel-weakmap set size:15620 disposed:false
452 silly placeDep ROOT unpipe@1.0.0 OK for: raw-body@3.0.2 want: ~1.0.0
453 silly placeDep ROOT is-promise@4.0.0 OK for: router@2.2.0 want: ^4.0.0
454 silly placeDep ROOT path-to-regexp@8.3.0 OK for: router@2.2.0 want: ^8.0.0
455 silly placeDep ROOT shebang-regex@3.0.0 OK for: shebang-command@2.0.0 want: ^3.0.0
456 silly placeDep ROOT es-errors@1.3.0 OK for: side-channel@1.1.0 want: ^1.3.0
457 silly placeDep ROOT object-inspect@1.13.4 OK for: side-channel@1.1.0 want: ^1.13.3
458 silly placeDep ROOT side-channel-list@1.0.0 OK for: side-channel@1.1.0 want: ^1.0.0
459 silly placeDep ROOT side-channel-map@1.0.1 OK for: side-channel@1.1.0 want: ^1.0.1
460 silly placeDep ROOT side-channel-weakmap@1.0.2 OK for: side-channel@1.1.0 want: ^1.0.2
461 silly fetch manifest call-bound@^1.0.2
462 silly packumentCache full:https://mirrors.tencent.com/npm/call-bound cache-miss
463 silly fetch manifest get-intrinsic@^1.2.5
464 silly packumentCache full:https://mirrors.tencent.com/npm/get-intrinsic cache-miss
465 silly fetch manifest call-bound@^1.0.2
466 silly packumentCache full:https://mirrors.tencent.com/npm/call-bound cache-miss
467 silly fetch manifest get-intrinsic@^1.2.5
468 silly packumentCache full:https://mirrors.tencent.com/npm/get-intrinsic cache-miss
469 http cache https://mirrors.tencent.com/npm/call-bound 9ms (cache hit)
470 silly packumentCache full:https://mirrors.tencent.com/npm/call-bound set size:19871 disposed:false
471 http cache https://mirrors.tencent.com/npm/get-intrinsic 9ms (cache hit)
472 silly packumentCache full:https://mirrors.tencent.com/npm/get-intrinsic set size:80540 disposed:false
473 http cache https://mirrors.tencent.com/npm/call-bound 12ms (cache hit)
474 silly packumentCache full:https://mirrors.tencent.com/npm/call-bound set size:19871 disposed:false
475 silly packumentCache full:https://mirrors.tencent.com/npm/call-bound dispose
476 http cache https://mirrors.tencent.com/npm/get-intrinsic 13ms (cache hit)
477 silly packumentCache full:https://mirrors.tencent.com/npm/get-intrinsic set size:80540 disposed:false
478 silly packumentCache full:https://mirrors.tencent.com/npm/get-intrinsic dispose
479 silly placeDep ROOT call-bound@1.0.4 OK for: side-channel-map@1.0.1 want: ^1.0.2
480 silly placeDep ROOT get-intrinsic@1.3.0 OK for: side-channel-map@1.0.1 want: ^1.2.5
481 silly fetch manifest call-bind-apply-helpers@^1.0.2
482 silly packumentCache full:https://mirrors.tencent.com/npm/call-bind-apply-helpers cache-miss
483 silly fetch manifest get-intrinsic@^1.3.0
484 silly packumentCache full:https://mirrors.tencent.com/npm/get-intrinsic cache-hit
485 silly fetch manifest gopd@^1.2.0
486 silly packumentCache full:https://mirrors.tencent.com/npm/gopd cache-miss
487 silly fetch manifest hasown@^2.0.2
488 silly packumentCache full:https://mirrors.tencent.com/npm/hasown cache-miss
489 silly fetch manifest get-proto@^1.0.1
490 silly packumentCache full:https://mirrors.tencent.com/npm/get-proto cache-miss
491 silly fetch manifest has-symbols@^1.1.0
492 silly packumentCache full:https://mirrors.tencent.com/npm/has-symbols cache-miss
493 silly fetch manifest function-bind@^1.1.2
494 silly packumentCache full:https://mirrors.tencent.com/npm/function-bind cache-miss
495 silly fetch manifest es-object-atoms@^1.1.1
496 silly packumentCache full:https://mirrors.tencent.com/npm/es-object-atoms cache-miss
497 silly fetch manifest math-intrinsics@^1.1.0
498 silly packumentCache full:https://mirrors.tencent.com/npm/math-intrinsics cache-miss
499 silly fetch manifest es-define-property@^1.0.1
500 silly packumentCache full:https://mirrors.tencent.com/npm/es-define-property cache-miss
501 silly fetch manifest call-bind-apply-helpers@^1.0.2
502 silly packumentCache full:https://mirrors.tencent.com/npm/call-bind-apply-helpers cache-miss
503 http cache https://mirrors.tencent.com/npm/function-bind 19ms (cache hit)
504 silly packumentCache full:https://mirrors.tencent.com/npm/function-bind set size:20907 disposed:false
505 http cache https://mirrors.tencent.com/npm/get-proto 23ms (cache hit)
506 silly packumentCache full:https://mirrors.tencent.com/npm/get-proto set size:10099 disposed:false
507 http cache https://mirrors.tencent.com/npm/has-symbols 25ms (cache hit)
508 silly packumentCache full:https://mirrors.tencent.com/npm/has-symbols set size:27076 disposed:false
509 http cache https://mirrors.tencent.com/npm/gopd 28ms (cache hit)
510 silly packumentCache full:https://mirrors.tencent.com/npm/gopd set size:14188 disposed:false
511 http cache https://mirrors.tencent.com/npm/hasown 29ms (cache hit)
512 silly packumentCache full:https://mirrors.tencent.com/npm/hasown set size:16195 disposed:false
513 http cache https://mirrors.tencent.com/npm/math-intrinsics 28ms (cache hit)
514 silly packumentCache full:https://mirrors.tencent.com/npm/math-intrinsics set size:11209 disposed:false
515 http cache https://mirrors.tencent.com/npm/call-bind-apply-helpers 35ms (cache hit)
516 silly packumentCache full:https://mirrors.tencent.com/npm/call-bind-apply-helpers set size:15802 disposed:false
517 http cache https://mirrors.tencent.com/npm/es-object-atoms 32ms (cache hit)
518 silly packumentCache full:https://mirrors.tencent.com/npm/es-object-atoms set size:19232 disposed:false
519 http cache https://mirrors.tencent.com/npm/es-define-property 32ms (cache hit)
520 silly packumentCache full:https://mirrors.tencent.com/npm/es-define-property set size:10251 disposed:false
521 http cache https://mirrors.tencent.com/npm/call-bind-apply-helpers 35ms (cache hit)
522 silly packumentCache full:https://mirrors.tencent.com/npm/call-bind-apply-helpers set size:15802 disposed:false
523 silly packumentCache full:https://mirrors.tencent.com/npm/call-bind-apply-helpers dispose
524 silly placeDep ROOT call-bind-apply-helpers@1.0.2 OK for: call-bound@1.0.4 want: ^1.0.2
525 silly placeDep ROOT function-bind@1.1.2 OK for: call-bind-apply-helpers@1.0.2 want: ^1.1.2
526 silly placeDep ROOT es-define-property@1.0.1 OK for: get-intrinsic@1.3.0 want: ^1.0.1
527 silly placeDep ROOT es-object-atoms@1.1.1 OK for: get-intrinsic@1.3.0 want: ^1.1.1
528 silly placeDep ROOT get-proto@1.0.1 OK for: get-intrinsic@1.3.0 want: ^1.0.1
529 silly placeDep ROOT gopd@1.2.0 OK for: get-intrinsic@1.3.0 want: ^1.2.0
530 silly placeDep ROOT has-symbols@1.1.0 OK for: get-intrinsic@1.3.0 want: ^1.1.0
531 silly placeDep ROOT hasown@2.0.2 OK for: get-intrinsic@1.3.0 want: ^2.0.2
532 silly placeDep ROOT math-intrinsics@1.1.0 OK for: get-intrinsic@1.3.0 want: ^1.1.0
533 silly fetch manifest dunder-proto@^1.0.1
534 silly packumentCache full:https://mirrors.tencent.com/npm/dunder-proto cache-miss
535 http cache https://mirrors.tencent.com/npm/dunder-proto 4ms (cache hit)
536 silly packumentCache full:https://mirrors.tencent.com/npm/dunder-proto set size:9976 disposed:false
537 silly placeDep ROOT dunder-proto@1.0.1 OK for: get-proto@1.0.1 want: ^1.0.1
538 silly placeDep ROOT media-typer@1.1.0 OK for: type-is@2.0.1 want: ^1.1.0
539 silly placeDep ROOT isexe@2.0.0 OK for: which@2.0.2 want: ^2.0.0
540 silly placeDep ROOT cliui@8.0.1 OK for: yargs@17.7.2 want: ^8.0.1
541 silly placeDep ROOT escalade@3.2.0 OK for: yargs@17.7.2 want: ^3.1.1
542 silly placeDep ROOT get-caller-file@2.0.5 OK for: yargs@17.7.2 want: ^2.0.5
543 silly placeDep ROOT require-directory@2.1.1 OK for: yargs@17.7.2 want: ^2.1.1
544 silly placeDep ROOT string-width@4.2.3 OK for: yargs@17.7.2 want: ^4.2.3
545 silly placeDep ROOT y18n@5.0.8 OK for: yargs@17.7.2 want: ^5.0.5
546 silly placeDep ROOT yargs-parser@21.1.1 OK for: yargs@17.7.2 want: ^21.1.1
547 silly fetch manifest wrap-ansi@^7.0.0
548 silly packumentCache full:https://mirrors.tencent.com/npm/wrap-ansi cache-miss
549 silly fetch manifest strip-ansi@^6.0.1
550 silly packumentCache full:https://mirrors.tencent.com/npm/strip-ansi cache-miss
551 silly fetch manifest string-width@^4.2.0
552 silly packumentCache full:https://mirrors.tencent.com/npm/string-width cache-miss
553 silly fetch manifest strip-ansi@^6.0.1
554 silly packumentCache full:https://mirrors.tencent.com/npm/strip-ansi cache-miss
555 silly fetch manifest emoji-regex@^8.0.0
556 silly packumentCache full:https://mirrors.tencent.com/npm/emoji-regex cache-miss
557 silly fetch manifest is-fullwidth-code-point@^3.0.0
558 silly packumentCache full:https://mirrors.tencent.com/npm/is-fullwidth-code-point cache-miss
559 http cache https://mirrors.tencent.com/npm/string-width 17ms (cache hit)
560 silly packumentCache full:https://mirrors.tencent.com/npm/string-width set size:86286 disposed:false
561 http fetch GET 200 https://mirrors.tencent.com/npm/is-fullwidth-code-point 191ms (cache miss)
562 silly packumentCache full:https://mirrors.tencent.com/npm/is-fullwidth-code-point set size:undefined disposed:false
563 http fetch GET 200 https://mirrors.tencent.com/npm/wrap-ansi 230ms (cache miss)
564 silly packumentCache full:https://mirrors.tencent.com/npm/wrap-ansi set size:undefined disposed:false
565 http fetch GET 200 https://mirrors.tencent.com/npm/strip-ansi 278ms (cache updated)
566 silly packumentCache full:https://mirrors.tencent.com/npm/strip-ansi set size:undefined disposed:false
567 http fetch GET 200 https://mirrors.tencent.com/npm/strip-ansi 288ms (cache updated)
568 silly packumentCache full:https://mirrors.tencent.com/npm/strip-ansi set size:undefined disposed:false
569 http fetch GET 200 https://mirrors.tencent.com/npm/emoji-regex 332ms (cache miss)
570 silly packumentCache full:https://mirrors.tencent.com/npm/emoji-regex set size:undefined disposed:false
571 silly placeDep ROOT strip-ansi@6.0.1 OK for: cliui@8.0.1 want: ^6.0.1
572 silly placeDep ROOT wrap-ansi@7.0.0 OK for: cliui@8.0.1 want: ^7.0.0
573 silly fetch manifest ansi-regex@^5.0.1
574 silly packumentCache full:https://mirrors.tencent.com/npm/ansi-regex cache-miss
575 silly fetch manifest ansi-styles@^4.0.0
576 silly packumentCache full:https://mirrors.tencent.com/npm/ansi-styles cache-miss
577 http fetch GET 200 https://mirrors.tencent.com/npm/ansi-regex 288ms (cache miss)
578 silly packumentCache full:https://mirrors.tencent.com/npm/ansi-regex set size:undefined disposed:false
579 http fetch GET 200 https://mirrors.tencent.com/npm/ansi-styles 384ms (cache miss)
580 silly packumentCache full:https://mirrors.tencent.com/npm/ansi-styles set size:undefined disposed:false
581 silly placeDep ROOT emoji-regex@8.0.0 OK for: string-width@4.2.3 want: ^8.0.0
582 silly placeDep ROOT is-fullwidth-code-point@3.0.0 OK for: string-width@4.2.3 want: ^3.0.0
583 silly placeDep ROOT ansi-regex@5.0.1 OK for: strip-ansi@6.0.1 want: ^5.0.1
584 silly placeDep ROOT ansi-styles@4.3.0 OK for: wrap-ansi@7.0.0 want: ^4.0.0
585 silly fetch manifest color-convert@^2.0.1
586 silly packumentCache full:https://mirrors.tencent.com/npm/color-convert cache-miss
587 http fetch GET 200 https://mirrors.tencent.com/npm/color-convert 312ms (cache miss)
588 silly packumentCache full:https://mirrors.tencent.com/npm/color-convert set size:undefined disposed:false
589 silly placeDep ROOT color-convert@2.0.1 OK for: ansi-styles@4.3.0 want: ^2.0.1
590 silly fetch manifest color-name@~1.1.4
591 silly packumentCache full:https://mirrors.tencent.com/npm/color-name cache-miss
592 http fetch GET 200 https://mirrors.tencent.com/npm/color-name 252ms (cache miss)
593 silly packumentCache full:https://mirrors.tencent.com/npm/color-name set size:undefined disposed:false
594 silly placeDep ROOT color-name@1.1.4 OK for: color-convert@2.0.1 want: ~1.1.4
595 silly reify moves {}
596 silly audit bulk request {
596 silly audit   '@modelcontextprotocol/server-sequential-thinking': [ '2025.11.25' ],
596 silly audit   '@modelcontextprotocol/sdk': [ '1.24.3' ],
596 silly audit   chalk: [ '5.6.2' ],
596 silly audit   yargs: [ '17.7.2' ],
596 silly audit   ajv: [ '8.17.1' ],
596 silly audit   'ajv-formats': [ '3.0.1' ],
596 silly audit   'content-type': [ '1.0.5' ],
596 silly audit   cors: [ '2.8.5' ],
596 silly audit   'cross-spawn': [ '7.0.6' ],
596 silly audit   eventsource: [ '3.0.7' ],
596 silly audit   'eventsource-parser': [ '3.0.6' ],
596 silly audit   express: [ '5.2.1' ],
596 silly audit   'express-rate-limit': [ '7.5.1' ],
596 silly audit   jose: [ '6.1.3' ],
596 silly audit   'pkce-challenge': [ '5.0.1' ],
596 silly audit   'raw-body': [ '3.0.2' ],
596 silly audit   zod: [ '4.1.13' ],
596 silly audit   'zod-to-json-schema': [ '3.25.0' ],
596 silly audit   'fast-deep-equal': [ '3.1.3' ],
596 silly audit   'fast-uri': [ '3.1.0' ],
596 silly audit   'json-schema-traverse': [ '1.0.0' ],
596 silly audit   'require-from-string': [ '2.0.2' ],
596 silly audit   'object-assign': [ '4.1.1' ],
596 silly audit   vary: [ '1.1.2' ],
596 silly audit   'path-key': [ '3.1.1' ],
596 silly audit   'shebang-command': [ '2.0.0' ],
596 silly audit   which: [ '2.0.2' ],
596 silly audit   accepts: [ '2.0.0' ],
596 silly audit   'body-parser': [ '2.2.1' ],
596 silly audit   'content-disposition': [ '1.0.1' ],
596 silly audit   cookie: [ '0.7.2' ],
596 silly audit   'cookie-signature': [ '1.2.2' ],
596 silly audit   debug: [ '4.4.3' ],
596 silly audit   depd: [ '2.0.0' ],
596 silly audit   encodeurl: [ '2.0.0' ],
596 silly audit   'escape-html': [ '1.0.3' ],
596 silly audit   etag: [ '1.8.1' ],
596 silly audit   finalhandler: [ '2.1.1' ],
596 silly audit   fresh: [ '2.0.0' ],
596 silly audit   'http-errors': [ '2.0.1' ],
596 silly audit   'merge-descriptors': [ '2.0.0' ],
596 silly audit   'mime-types': [ '3.0.2' ],
596 silly audit   'on-finished': [ '2.4.1' ],
596 silly audit   once: [ '1.4.0' ],
596 silly audit   parseurl: [ '1.3.3' ],
596 silly audit   'proxy-addr': [ '2.0.7' ],
596 silly audit   qs: [ '6.14.0' ],
596 silly audit   'range-parser': [ '1.2.1' ],
596 silly audit   router: [ '2.2.0' ],
596 silly audit   send: [ '1.2.0' ],
596 silly audit   'serve-static': [ '2.2.0' ],
596 silly audit   statuses: [ '2.0.2' ],
596 silly audit   'type-is': [ '2.0.1' ],
596 silly audit   negotiator: [ '1.0.0' ],
596 silly audit   bytes: [ '3.1.2' ],
596 silly audit   'iconv-lite': [ '0.7.0' ],
596 silly audit   ms: [ '2.1.3' ],
596 silly audit   inherits: [ '2.0.4' ],
596 silly audit   setprototypeof: [ '1.2.0' ],
596 silly audit   toidentifier: [ '1.0.1' ],
596 silly audit   'safer-buffer': [ '2.1.2' ],
596 silly audit   'mime-db': [ '1.54.0' ],
596 silly audit   'ee-first': [ '1.1.1' ],
596 silly audit   wrappy: [ '1.0.2' ],
596 silly audit   forwarded: [ '0.2.0' ],
596 silly audit   'ipaddr.js': [ '1.9.1' ],
596 silly audit   'side-channel': [ '1.1.0' ],
596 silly audit   unpipe: [ '1.0.0' ],
596 silly audit   'is-promise': [ '4.0.0' ],
596 silly audit   'path-to-regexp': [ '8.3.0' ],
596 silly audit   'shebang-regex': [ '3.0.0' ],
596 silly audit   'es-errors': [ '1.3.0' ],
596 silly audit   'object-inspect': [ '1.13.4' ],
596 silly audit   'side-channel-list': [ '1.0.0' ],
596 silly audit   'side-channel-map': [ '1.0.1' ],
596 silly audit   'side-channel-weakmap': [ '1.0.2' ],
596 silly audit   'call-bound': [ '1.0.4' ],
596 silly audit   'get-intrinsic': [ '1.3.0' ],
596 silly audit   'call-bind-apply-helpers': [ '1.0.2' ],
596 silly audit   'function-bind': [ '1.1.2' ],
596 silly audit   'es-define-property': [ '1.0.1' ],
596 silly audit   'es-object-atoms': [ '1.1.1' ],
596 silly audit   'get-proto': [ '1.0.1' ],
596 silly audit   gopd: [ '1.2.0' ],
596 silly audit   'has-symbols': [ '1.1.0' ],
596 silly audit   hasown: [ '2.0.2' ],
596 silly audit   'math-intrinsics': [ '1.1.0' ],
596 silly audit   'dunder-proto': [ '1.0.1' ],
596 silly audit   'media-typer': [ '1.1.0' ],
596 silly audit   isexe: [ '2.0.0' ],
596 silly audit   cliui: [ '8.0.1' ],
596 silly audit   escalade: [ '3.2.0' ],
596 silly audit   'get-caller-file': [ '2.0.5' ],
596 silly audit   'require-directory': [ '2.1.1' ],
596 silly audit   'string-width': [ '4.2.3' ],
596 silly audit   y18n: [ '5.0.8' ],
596 silly audit   'yargs-parser': [ '21.1.1' ],
596 silly audit   'strip-ansi': [ '6.0.1' ],
596 silly audit   'wrap-ansi': [ '7.0.0' ],
596 silly audit   'emoji-regex': [ '8.0.0' ],
596 silly audit   'is-fullwidth-code-point': [ '3.0.0' ],
596 silly audit   'ansi-regex': [ '5.0.1' ],
596 silly audit   'ansi-styles': [ '4.3.0' ],
596 silly audit   'color-convert': [ '2.0.1' ],
596 silly audit   'color-name': [ '1.1.4' ]
596 silly audit }
597 http cache color-name@https://mirrors.tencent.com/npm/color-name/-/color-name-1.1.4.tgz 0ms (cache hit)
598 http cache ansi-regex@https://mirrors.tencent.com/npm/ansi-regex/-/ansi-regex-5.0.1.tgz 0ms (cache hit)
599 http cache ansi-styles@https://mirrors.tencent.com/npm/ansi-styles/-/ansi-styles-4.3.0.tgz 0ms (cache hit)
600 http cache wrap-ansi@https://mirrors.tencent.com/npm/wrap-ansi/-/wrap-ansi-7.0.0.tgz 0ms (cache hit)
601 http cache is-fullwidth-code-point@https://mirrors.tencent.com/npm/is-fullwidth-code-point/-/is-fullwidth-code-point-3.0.0.tgz 0ms (cache hit)
602 http cache emoji-regex@https://mirrors.tencent.com/npm/emoji-regex/-/emoji-regex-8.0.0.tgz 0ms (cache hit)
603 http cache strip-ansi@https://mirrors.tencent.com/npm/strip-ansi/-/strip-ansi-6.0.1.tgz 0ms (cache hit)
604 http cache color-convert@https://mirrors.tencent.com/npm/color-convert/-/color-convert-2.0.1.tgz 0ms (cache hit)
605 http cache y18n@https://mirrors.tencent.com/npm/y18n/-/y18n-5.0.8.tgz 0ms (cache hit)
606 http cache yargs-parser@https://mirrors.tencent.com/npm/yargs-parser/-/yargs-parser-21.1.1.tgz 0ms (cache hit)
607 http cache string-width@https://mirrors.tencent.com/npm/string-width/-/string-width-4.2.3.tgz 0ms (cache hit)
608 http cache get-caller-file@https://mirrors.tencent.com/npm/get-caller-file/-/get-caller-file-2.0.5.tgz 0ms (cache hit)
609 http cache require-directory@https://mirrors.tencent.com/npm/require-directory/-/require-directory-2.1.1.tgz 0ms (cache hit)
610 http cache escalade@https://mirrors.tencent.com/npm/escalade/-/escalade-3.2.0.tgz 0ms (cache hit)
611 http cache isexe@https://mirrors.tencent.com/npm/isexe/-/isexe-2.0.0.tgz 0ms (cache hit)
612 http cache dunder-proto@https://mirrors.tencent.com/npm/dunder-proto/-/dunder-proto-1.0.1.tgz 0ms (cache hit)
613 http cache math-intrinsics@https://mirrors.tencent.com/npm/math-intrinsics/-/math-intrinsics-1.1.0.tgz 0ms (cache hit)
614 http cache cliui@https://mirrors.tencent.com/npm/cliui/-/cliui-8.0.1.tgz 0ms (cache hit)
615 http cache hasown@https://mirrors.tencent.com/npm/hasown/-/hasown-2.0.2.tgz 0ms (cache hit)
616 http cache has-symbols@https://mirrors.tencent.com/npm/has-symbols/-/has-symbols-1.1.0.tgz 0ms (cache hit)
617 http cache media-typer@https://mirrors.tencent.com/npm/media-typer/-/media-typer-1.1.0.tgz 0ms (cache hit)
618 http cache es-define-property@https://mirrors.tencent.com/npm/es-define-property/-/es-define-property-1.0.1.tgz 0ms (cache hit)
619 http cache gopd@https://mirrors.tencent.com/npm/gopd/-/gopd-1.2.0.tgz 0ms (cache hit)
620 http cache get-proto@https://mirrors.tencent.com/npm/get-proto/-/get-proto-1.0.1.tgz 0ms (cache hit)
621 http cache es-object-atoms@https://mirrors.tencent.com/npm/es-object-atoms/-/es-object-atoms-1.1.1.tgz 0ms (cache hit)
622 http cache function-bind@https://mirrors.tencent.com/npm/function-bind/-/function-bind-1.1.2.tgz 0ms (cache hit)
623 http cache call-bind-apply-helpers@https://mirrors.tencent.com/npm/call-bind-apply-helpers/-/call-bind-apply-helpers-1.0.2.tgz 0ms (cache hit)
624 http cache get-intrinsic@https://mirrors.tencent.com/npm/get-intrinsic/-/get-intrinsic-1.3.0.tgz 0ms (cache hit)
625 http cache call-bound@https://mirrors.tencent.com/npm/call-bound/-/call-bound-1.0.4.tgz 0ms (cache hit)
626 http cache side-channel-weakmap@https://mirrors.tencent.com/npm/side-channel-weakmap/-/side-channel-weakmap-1.0.2.tgz 1ms (cache hit)
627 http cache side-channel-map@https://mirrors.tencent.com/npm/side-channel-map/-/side-channel-map-1.0.1.tgz 0ms (cache hit)
628 http cache side-channel-list@https://mirrors.tencent.com/npm/side-channel-list/-/side-channel-list-1.0.0.tgz 0ms (cache hit)
629 http cache object-inspect@https://mirrors.tencent.com/npm/object-inspect/-/object-inspect-1.13.4.tgz 0ms (cache hit)
630 http cache shebang-regex@https://mirrors.tencent.com/npm/shebang-regex/-/shebang-regex-3.0.0.tgz 0ms (cache hit)
631 http cache es-errors@https://mirrors.tencent.com/npm/es-errors/-/es-errors-1.3.0.tgz 0ms (cache hit)
632 http cache path-to-regexp@https://mirrors.tencent.com/npm/path-to-regexp/-/path-to-regexp-8.3.0.tgz 0ms (cache hit)
633 http cache unpipe@https://mirrors.tencent.com/npm/unpipe/-/unpipe-1.0.0.tgz 0ms (cache hit)
634 http cache side-channel@https://mirrors.tencent.com/npm/side-channel/-/side-channel-1.1.0.tgz 0ms (cache hit)
635 http cache is-promise@https://mirrors.tencent.com/npm/is-promise/-/is-promise-4.0.0.tgz 0ms (cache hit)
636 http cache forwarded@https://mirrors.tencent.com/npm/forwarded/-/forwarded-0.2.0.tgz 0ms (cache hit)
637 http cache ipaddr.js@https://mirrors.tencent.com/npm/ipaddr.js/-/ipaddr.js-1.9.1.tgz 0ms (cache hit)
638 http cache ee-first@https://mirrors.tencent.com/npm/ee-first/-/ee-first-1.1.1.tgz 0ms (cache hit)
639 http cache safer-buffer@https://mirrors.tencent.com/npm/safer-buffer/-/safer-buffer-2.1.2.tgz 0ms (cache hit)
640 http cache mime-db@https://mirrors.tencent.com/npm/mime-db/-/mime-db-1.54.0.tgz 0ms (cache hit)
641 http cache wrappy@https://mirrors.tencent.com/npm/wrappy/-/wrappy-1.0.2.tgz 0ms (cache hit)
642 http cache toidentifier@https://mirrors.tencent.com/npm/toidentifier/-/toidentifier-1.0.1.tgz 0ms (cache hit)
643 http cache setprototypeof@https://mirrors.tencent.com/npm/setprototypeof/-/setprototypeof-1.2.0.tgz 0ms (cache hit)
644 http cache inherits@https://mirrors.tencent.com/npm/inherits/-/inherits-2.0.4.tgz 0ms (cache hit)
645 http cache ms@https://mirrors.tencent.com/npm/ms/-/ms-2.1.3.tgz 0ms (cache hit)
646 http cache iconv-lite@https://mirrors.tencent.com/npm/iconv-lite/-/iconv-lite-0.7.0.tgz 0ms (cache hit)
647 http cache bytes@https://mirrors.tencent.com/npm/bytes/-/bytes-3.1.2.tgz 0ms (cache hit)
648 http cache negotiator@https://mirrors.tencent.com/npm/negotiator/-/negotiator-1.0.0.tgz 0ms (cache hit)
649 http cache type-is@https://mirrors.tencent.com/npm/type-is/-/type-is-2.0.1.tgz 0ms (cache hit)
650 http cache statuses@https://mirrors.tencent.com/npm/statuses/-/statuses-2.0.2.tgz 0ms (cache hit)
651 http cache serve-static@https://mirrors.tencent.com/npm/serve-static/-/serve-static-2.2.0.tgz 0ms (cache hit)
652 http cache qs@https://mirrors.tencent.com/npm/qs/-/qs-6.14.0.tgz 0ms (cache hit)
653 http cache send@https://mirrors.tencent.com/npm/send/-/send-1.2.0.tgz 0ms (cache hit)
654 http cache proxy-addr@https://mirrors.tencent.com/npm/proxy-addr/-/proxy-addr-2.0.7.tgz 0ms (cache hit)
655 http cache router@https://mirrors.tencent.com/npm/router/-/router-2.2.0.tgz 0ms (cache hit)
656 http cache range-parser@https://mirrors.tencent.com/npm/range-parser/-/range-parser-1.2.1.tgz 0ms (cache hit)
657 http cache once@https://mirrors.tencent.com/npm/once/-/once-1.4.0.tgz 0ms (cache hit)
658 http cache parseurl@https://mirrors.tencent.com/npm/parseurl/-/parseurl-1.3.3.tgz 0ms (cache hit)
659 http cache merge-descriptors@https://mirrors.tencent.com/npm/merge-descriptors/-/merge-descriptors-2.0.0.tgz 0ms (cache hit)
660 http cache on-finished@https://mirrors.tencent.com/npm/on-finished/-/on-finished-2.4.1.tgz 0ms (cache hit)
661 http cache mime-types@https://mirrors.tencent.com/npm/mime-types/-/mime-types-3.0.2.tgz 0ms (cache hit)
662 http cache http-errors@https://mirrors.tencent.com/npm/http-errors/-/http-errors-2.0.1.tgz 0ms (cache hit)
663 http cache fresh@https://mirrors.tencent.com/npm/fresh/-/fresh-2.0.0.tgz 0ms (cache hit)
664 http cache encodeurl@https://mirrors.tencent.com/npm/encodeurl/-/encodeurl-2.0.0.tgz 0ms (cache hit)
665 http cache finalhandler@https://mirrors.tencent.com/npm/finalhandler/-/finalhandler-2.1.1.tgz 0ms (cache hit)
666 http cache etag@https://mirrors.tencent.com/npm/etag/-/etag-1.8.1.tgz 0ms (cache hit)
667 http cache escape-html@https://mirrors.tencent.com/npm/escape-html/-/escape-html-1.0.3.tgz 0ms (cache hit)
668 http cache depd@https://mirrors.tencent.com/npm/depd/-/depd-2.0.0.tgz 0ms (cache hit)
669 http cache debug@https://mirrors.tencent.com/npm/debug/-/debug-4.4.3.tgz 0ms (cache hit)
670 http cache content-disposition@https://mirrors.tencent.com/npm/content-disposition/-/content-disposition-1.0.1.tgz 0ms (cache hit)
671 http cache cookie@https://mirrors.tencent.com/npm/cookie/-/cookie-0.7.2.tgz 0ms (cache hit)
672 http cache accepts@https://mirrors.tencent.com/npm/accepts/-/accepts-2.0.0.tgz 0ms (cache hit)
673 http cache body-parser@https://mirrors.tencent.com/npm/body-parser/-/body-parser-2.2.1.tgz 0ms (cache hit)
674 http cache which@https://mirrors.tencent.com/npm/which/-/which-2.0.2.tgz 0ms (cache hit)
675 http cache shebang-command@https://mirrors.tencent.com/npm/shebang-command/-/shebang-command-2.0.0.tgz 0ms (cache hit)
676 http cache path-key@https://mirrors.tencent.com/npm/path-key/-/path-key-3.1.1.tgz 0ms (cache hit)
677 http cache vary@https://mirrors.tencent.com/npm/vary/-/vary-1.1.2.tgz 0ms (cache hit)
678 http cache object-assign@https://mirrors.tencent.com/npm/object-assign/-/object-assign-4.1.1.tgz 0ms (cache hit)
679 http cache cookie-signature@https://mirrors.tencent.com/npm/cookie-signature/-/cookie-signature-1.2.2.tgz 0ms (cache hit)
680 http cache require-from-string@https://mirrors.tencent.com/npm/require-from-string/-/require-from-string-2.0.2.tgz 0ms (cache hit)
681 http cache fast-uri@https://mirrors.tencent.com/npm/fast-uri/-/fast-uri-3.1.0.tgz 0ms (cache hit)
682 http cache json-schema-traverse@https://mirrors.tencent.com/npm/json-schema-traverse/-/json-schema-traverse-1.0.0.tgz 0ms (cache hit)
683 http cache zod-to-json-schema@https://mirrors.tencent.com/npm/zod-to-json-schema/-/zod-to-json-schema-3.25.0.tgz 0ms (cache hit)
684 http cache zod@https://mirrors.tencent.com/npm/zod/-/zod-4.1.13.tgz 0ms (cache hit)
685 http cache fast-deep-equal@https://mirrors.tencent.com/npm/fast-deep-equal/-/fast-deep-equal-3.1.3.tgz 0ms (cache hit)
686 http cache pkce-challenge@https://mirrors.tencent.com/npm/pkce-challenge/-/pkce-challenge-5.0.1.tgz 0ms (cache hit)
687 http cache raw-body@https://mirrors.tencent.com/npm/raw-body/-/raw-body-3.0.2.tgz 0ms (cache hit)
688 http cache jose@https://mirrors.tencent.com/npm/jose/-/jose-6.1.3.tgz 0ms (cache hit)
689 http cache express-rate-limit@https://mirrors.tencent.com/npm/express-rate-limit/-/express-rate-limit-7.5.1.tgz 0ms (cache hit)
690 http cache express@https://mirrors.tencent.com/npm/express/-/express-5.2.1.tgz 1ms (cache hit)
691 http cache eventsource-parser@https://mirrors.tencent.com/npm/eventsource-parser/-/eventsource-parser-3.0.6.tgz 0ms (cache hit)
692 http cache eventsource@https://mirrors.tencent.com/npm/eventsource/-/eventsource-3.0.7.tgz 0ms (cache hit)
693 http cache cors@https://mirrors.tencent.com/npm/cors/-/cors-2.8.5.tgz 0ms (cache hit)
694 http cache cross-spawn@https://mirrors.tencent.com/npm/cross-spawn/-/cross-spawn-7.0.6.tgz 0ms (cache hit)
695 http cache content-type@https://mirrors.tencent.com/npm/content-type/-/content-type-1.0.5.tgz 0ms (cache hit)
696 http cache ajv-formats@https://mirrors.tencent.com/npm/ajv-formats/-/ajv-formats-3.0.1.tgz 0ms (cache hit)
697 http cache ajv@https://mirrors.tencent.com/npm/ajv/-/ajv-8.17.1.tgz 0ms (cache hit)
698 http cache chalk@https://mirrors.tencent.com/npm/chalk/-/chalk-5.6.2.tgz 0ms (cache hit)
699 http cache yargs@https://mirrors.tencent.com/npm/yargs/-/yargs-17.7.2.tgz 0ms (cache hit)
700 http cache @modelcontextprotocol/sdk@https://mirrors.tencent.com/npm/@modelcontextprotocol/sdk/-/sdk-1.24.3.tgz 0ms (cache hit)
701 http cache @modelcontextprotocol/server-sequential-thinking@https://mirrors.tencent.com/npm/@modelcontextprotocol/server-sequential-thinking/-/server-sequential-thinking-2025.11.25.tgz 0ms (cache hit)
702 silly tarball no local data for color-name@https://mirrors.tencent.com/npm/color-name/-/color-name-1.1.4.tgz. Extracting by manifest.
703 silly tarball no local data for ansi-regex@https://mirrors.tencent.com/npm/ansi-regex/-/ansi-regex-5.0.1.tgz. Extracting by manifest.
704 silly tarball no local data for ansi-styles@https://mirrors.tencent.com/npm/ansi-styles/-/ansi-styles-4.3.0.tgz. Extracting by manifest.
705 silly tarball no local data for wrap-ansi@https://mirrors.tencent.com/npm/wrap-ansi/-/wrap-ansi-7.0.0.tgz. Extracting by manifest.
706 silly tarball no local data for is-fullwidth-code-point@https://mirrors.tencent.com/npm/is-fullwidth-code-point/-/is-fullwidth-code-point-3.0.0.tgz. Extracting by manifest.
707 silly tarball no local data for emoji-regex@https://mirrors.tencent.com/npm/emoji-regex/-/emoji-regex-8.0.0.tgz. Extracting by manifest.
708 silly tarball no local data for strip-ansi@https://mirrors.tencent.com/npm/strip-ansi/-/strip-ansi-6.0.1.tgz. Extracting by manifest.
709 silly tarball no local data for color-convert@https://mirrors.tencent.com/npm/color-convert/-/color-convert-2.0.1.tgz. Extracting by manifest.
710 silly tarball no local data for y18n@https://mirrors.tencent.com/npm/y18n/-/y18n-5.0.8.tgz. Extracting by manifest.
711 silly tarball no local data for yargs-parser@https://mirrors.tencent.com/npm/yargs-parser/-/yargs-parser-21.1.1.tgz. Extracting by manifest.
712 silly tarball no local data for string-width@https://mirrors.tencent.com/npm/string-width/-/string-width-4.2.3.tgz. Extracting by manifest.
713 silly tarball no local data for get-caller-file@https://mirrors.tencent.com/npm/get-caller-file/-/get-caller-file-2.0.5.tgz. Extracting by manifest.
714 silly tarball no local data for require-directory@https://mirrors.tencent.com/npm/require-directory/-/require-directory-2.1.1.tgz. Extracting by manifest.
715 silly tarball no local data for escalade@https://mirrors.tencent.com/npm/escalade/-/escalade-3.2.0.tgz. Extracting by manifest.
716 silly tarball no local data for cliui@https://mirrors.tencent.com/npm/cliui/-/cliui-8.0.1.tgz. Extracting by manifest.
717 silly tarball no local data for chalk@https://mirrors.tencent.com/npm/chalk/-/chalk-5.6.2.tgz. Extracting by manifest.
718 silly tarball no local data for yargs@https://mirrors.tencent.com/npm/yargs/-/yargs-17.7.2.tgz. Extracting by manifest.
719 silly tarball no local data for @modelcontextprotocol/server-sequential-thinking@https://mirrors.tencent.com/npm/@modelcontextprotocol/server-sequential-thinking/-/server-sequential-thinking-2025.11.25.tgz. Extracting by manifest.
720 http fetch GET 200 https://mirrors.tencent.com/npm/wrap-ansi/-/wrap-ansi-7.0.0.tgz 514ms (cache miss)
721 http fetch GET 200 https://mirrors.tencent.com/npm/ansi-regex/-/ansi-regex-5.0.1.tgz 523ms (cache miss)
722 http fetch GET 200 https://mirrors.tencent.com/npm/is-fullwidth-code-point/-/is-fullwidth-code-point-3.0.0.tgz 522ms (cache miss)
723 http fetch GET 200 https://mirrors.tencent.com/npm/color-name/-/color-name-1.1.4.tgz 526ms (cache miss)
724 http fetch GET 200 https://mirrors.tencent.com/npm/emoji-regex/-/emoji-regex-8.0.0.tgz 524ms (cache miss)
725 http fetch GET 200 https://mirrors.tencent.com/npm/ansi-styles/-/ansi-styles-4.3.0.tgz 529ms (cache miss)
726 http fetch POST 200 https://mirrors.tencent.com/npm/-/npm/v1/security/advisories/bulk 648ms
727 silly audit report {}
728 http fetch GET 200 https://mirrors.tencent.com/npm/color-convert/-/color-convert-2.0.1.tgz 587ms (cache miss)
729 http fetch GET 200 https://mirrors.tencent.com/npm/@modelcontextprotocol/server-sequential-thinking/-/server-sequential-thinking-2025.11.25.tgz 580ms (cache miss)
730 http fetch GET 200 https://mirrors.tencent.com/npm/cliui/-/cliui-8.0.1.tgz 595ms (cache miss)
731 http fetch GET 200 https://mirrors.tencent.com/npm/escalade/-/escalade-3.2.0.tgz 601ms (cache miss)
732 http fetch GET 200 https://mirrors.tencent.com/npm/chalk/-/chalk-5.6.2.tgz 608ms (cache miss)
733 http fetch GET 200 https://mirrors.tencent.com/npm/yargs/-/yargs-17.7.2.tgz 693ms (cache miss)
734 http fetch GET 200 https://mirrors.tencent.com/npm/string-width/-/string-width-4.2.3.tgz 936ms (cache miss)
735 http fetch GET 200 https://mirrors.tencent.com/npm/strip-ansi/-/strip-ansi-6.0.1.tgz 1089ms (cache miss)
736 http fetch GET 200 https://mirrors.tencent.com/npm/get-caller-file/-/get-caller-file-2.0.5.tgz 1124ms (cache miss)
737 http fetch GET 200 https://mirrors.tencent.com/npm/y18n/-/y18n-5.0.8.tgz 1190ms (cache miss)
738 http fetch GET 200 https://mirrors.tencent.com/npm/require-directory/-/require-directory-2.1.1.tgz 1325ms (cache miss)
739 http fetch GET 200 https://mirrors.tencent.com/npm/yargs-parser/-/yargs-parser-21.1.1.tgz 1344ms (cache miss)
